{"/home/booshja/Coding/Springboard/springboard-exercises-pt2/Node/35-1-BizTime/app.js": {"path":"/home/booshja/Coding/Springboard/springboard-exercises-pt2/Node/35-1-BizTime/app.js","statementMap":{"0":{"start":{"line":3,"column":16},"end":{"line":3,"column":34}},"1":{"start":{"line":5,"column":21},"end":{"line":5,"column":46}},"2":{"start":{"line":6,"column":24},"end":{"line":6,"column":53}},"3":{"start":{"line":7,"column":23},"end":{"line":7,"column":51}},"4":{"start":{"line":9,"column":12},"end":{"line":9,"column":21}},"5":{"start":{"line":11,"column":0},"end":{"line":11,"column":24}},"6":{"start":{"line":12,"column":0},"end":{"line":12,"column":39}},"7":{"start":{"line":13,"column":0},"end":{"line":13,"column":37}},"8":{"start":{"line":17,"column":0},"end":{"line":20,"column":3}},"9":{"start":{"line":18,"column":16},"end":{"line":18,"column":50}},"10":{"start":{"line":19,"column":4},"end":{"line":19,"column":21}},"11":{"start":{"line":24,"column":0},"end":{"line":31,"column":3}},"12":{"start":{"line":25,"column":4},"end":{"line":25,"column":34}},"13":{"start":{"line":27,"column":4},"end":{"line":30,"column":7}},"14":{"start":{"line":33,"column":0},"end":{"line":33,"column":21}}},"fnMap":{"0":{"name":"(anonymous_0)","decl":{"start":{"line":17,"column":8},"end":{"line":17,"column":9}},"loc":{"start":{"line":17,"column":34},"end":{"line":20,"column":1}},"line":17},"1":{"name":"(anonymous_1)","decl":{"start":{"line":24,"column":8},"end":{"line":24,"column":9}},"loc":{"start":{"line":24,"column":33},"end":{"line":31,"column":1}},"line":24}},"branchMap":{"0":{"loc":{"start":{"line":25,"column":15},"end":{"line":25,"column":32}},"type":"binary-expr","locations":[{"start":{"line":25,"column":15},"end":{"line":25,"column":25}},{"start":{"line":25,"column":29},"end":{"line":25,"column":32}}],"line":25}},"s":{"0":2,"1":2,"2":2,"3":2,"4":2,"5":2,"6":2,"7":2,"8":2,"9":0,"10":0,"11":2,"12":4,"13":4,"14":2},"f":{"0":0,"1":4},"b":{"0":[4,1]},"_coverageSchema":"1a1c01bbd47fc00a2c39e90264f33305004495a9","hash":"04c4383af4aead347ed8c1e4060dce4e326601b9"}
,"/home/booshja/Coding/Springboard/springboard-exercises-pt2/Node/35-1-BizTime/db.js": {"path":"/home/booshja/Coding/Springboard/springboard-exercises-pt2/Node/35-1-BizTime/db.js","statementMap":{"0":{"start":{"line":3,"column":19},"end":{"line":3,"column":32}},"1":{"start":{"line":7,"column":0},"end":{"line":11,"column":1}},"2":{"start":{"line":8,"column":4},"end":{"line":8,"column":33}},"3":{"start":{"line":10,"column":4},"end":{"line":10,"column":33}},"4":{"start":{"line":13,"column":9},"end":{"line":17,"column":2}},"5":{"start":{"line":19,"column":0},"end":{"line":19,"column":13}},"6":{"start":{"line":21,"column":0},"end":{"line":21,"column":20}}},"fnMap":{},"branchMap":{"0":{"loc":{"start":{"line":7,"column":0},"end":{"line":11,"column":1}},"type":"if","locations":[{"start":{"line":7,"column":0},"end":{"line":11,"column":1}},{"start":{"line":7,"column":0},"end":{"line":11,"column":1}}],"line":7}},"s":{"0":2,"1":2,"2":2,"3":0,"4":2,"5":2,"6":2},"f":{},"b":{"0":[2,0]},"_coverageSchema":"1a1c01bbd47fc00a2c39e90264f33305004495a9","hash":"ff1fa5ad3a80f34d0be28a182525e771aa603755"}
,"/home/booshja/Coding/Springboard/springboard-exercises-pt2/Node/35-1-BizTime/expressError.js": {"path":"/home/booshja/Coding/Springboard/springboard-exercises-pt2/Node/35-1-BizTime/expressError.js","statementMap":{"0":{"start":{"line":9,"column":4},"end":{"line":9,"column":12}},"1":{"start":{"line":10,"column":4},"end":{"line":10,"column":27}},"2":{"start":{"line":11,"column":4},"end":{"line":11,"column":25}},"3":{"start":{"line":12,"column":4},"end":{"line":12,"column":30}},"4":{"start":{"line":17,"column":0},"end":{"line":17,"column":30}}},"fnMap":{"0":{"name":"(anonymous_0)","decl":{"start":{"line":8,"column":2},"end":{"line":8,"column":3}},"loc":{"start":{"line":8,"column":31},"end":{"line":13,"column":3}},"line":8}},"branchMap":{},"s":{"0":3,"1":3,"2":3,"3":3,"4":2},"f":{"0":3},"b":{},"_coverageSchema":"1a1c01bbd47fc00a2c39e90264f33305004495a9","hash":"f051da8eed087e30364fc47b2e775da9f0390750"}
,"/home/booshja/Coding/Springboard/springboard-exercises-pt2/Node/35-1-BizTime/routes/companies.js": {"path":"/home/booshja/Coding/Springboard/springboard-exercises-pt2/Node/35-1-BizTime/routes/companies.js","statementMap":{"0":{"start":{"line":1,"column":16},"end":{"line":1,"column":34}},"1":{"start":{"line":2,"column":15},"end":{"line":2,"column":35}},"2":{"start":{"line":3,"column":11},"end":{"line":3,"column":27}},"3":{"start":{"line":4,"column":21},"end":{"line":4,"column":47}},"4":{"start":{"line":6,"column":0},"end":{"line":15,"column":3}},"5":{"start":{"line":7,"column":4},"end":{"line":14,"column":5}},"6":{"start":{"line":8,"column":24},"end":{"line":10,"column":9}},"7":{"start":{"line":11,"column":8},"end":{"line":11,"column":53}},"8":{"start":{"line":13,"column":8},"end":{"line":13,"column":23}},"9":{"start":{"line":17,"column":0},"end":{"line":43,"column":3}},"10":{"start":{"line":18,"column":4},"end":{"line":42,"column":5}},"11":{"start":{"line":19,"column":25},"end":{"line":19,"column":35}},"12":{"start":{"line":20,"column":24},"end":{"line":23,"column":9}},"13":{"start":{"line":24,"column":8},"end":{"line":29,"column":9}},"14":{"start":{"line":25,"column":12},"end":{"line":28,"column":14}},"15":{"start":{"line":30,"column":31},"end":{"line":33,"column":9}},"16":{"start":{"line":34,"column":24},"end":{"line":34,"column":39}},"17":{"start":{"line":35,"column":25},"end":{"line":35,"column":44}},"18":{"start":{"line":37,"column":8},"end":{"line":37,"column":65}},"19":{"start":{"line":37,"column":53},"end":{"line":37,"column":63}},"20":{"start":{"line":39,"column":8},"end":{"line":39,"column":46}},"21":{"start":{"line":41,"column":8},"end":{"line":41,"column":23}},"22":{"start":{"line":45,"column":0},"end":{"line":59,"column":3}},"23":{"start":{"line":46,"column":4},"end":{"line":58,"column":5}},"24":{"start":{"line":47,"column":44},"end":{"line":47,"column":52}},"25":{"start":{"line":48,"column":24},"end":{"line":51,"column":9}},"26":{"start":{"line":52,"column":8},"end":{"line":54,"column":9}},"27":{"start":{"line":53,"column":12},"end":{"line":53,"column":65}},"28":{"start":{"line":55,"column":8},"end":{"line":55,"column":66}},"29":{"start":{"line":57,"column":8},"end":{"line":57,"column":23}},"30":{"start":{"line":61,"column":0},"end":{"line":79,"column":3}},"31":{"start":{"line":62,"column":4},"end":{"line":78,"column":5}},"32":{"start":{"line":63,"column":25},"end":{"line":63,"column":35}},"33":{"start":{"line":64,"column":38},"end":{"line":64,"column":46}},"34":{"start":{"line":65,"column":24},"end":{"line":68,"column":9}},"35":{"start":{"line":69,"column":8},"end":{"line":74,"column":9}},"36":{"start":{"line":70,"column":12},"end":{"line":73,"column":14}},"37":{"start":{"line":75,"column":8},"end":{"line":75,"column":54}},"38":{"start":{"line":77,"column":8},"end":{"line":77,"column":23}},"39":{"start":{"line":81,"column":0},"end":{"line":98,"column":3}},"40":{"start":{"line":82,"column":4},"end":{"line":96,"column":5}},"41":{"start":{"line":83,"column":25},"end":{"line":83,"column":35}},"42":{"start":{"line":84,"column":24},"end":{"line":87,"column":9}},"43":{"start":{"line":88,"column":8},"end":{"line":93,"column":9}},"44":{"start":{"line":89,"column":12},"end":{"line":92,"column":14}},"45":{"start":{"line":95,"column":8},"end":{"line":95,"column":41}},"46":{"start":{"line":97,"column":4},"end":{"line":97,"column":43}},"47":{"start":{"line":100,"column":0},"end":{"line":100,"column":24}}},"fnMap":{"0":{"name":"(anonymous_0)","decl":{"start":{"line":6,"column":16},"end":{"line":6,"column":17}},"loc":{"start":{"line":6,"column":36},"end":{"line":15,"column":1}},"line":6},"1":{"name":"(anonymous_1)","decl":{"start":{"line":17,"column":21},"end":{"line":17,"column":22}},"loc":{"start":{"line":17,"column":47},"end":{"line":43,"column":1}},"line":17},"2":{"name":"(anonymous_2)","decl":{"start":{"line":37,"column":40},"end":{"line":37,"column":41}},"loc":{"start":{"line":37,"column":53},"end":{"line":37,"column":63}},"line":37},"3":{"name":"(anonymous_3)","decl":{"start":{"line":45,"column":17},"end":{"line":45,"column":18}},"loc":{"start":{"line":45,"column":43},"end":{"line":59,"column":1}},"line":45},"4":{"name":"(anonymous_4)","decl":{"start":{"line":61,"column":21},"end":{"line":61,"column":22}},"loc":{"start":{"line":61,"column":47},"end":{"line":79,"column":1}},"line":61},"5":{"name":"(anonymous_5)","decl":{"start":{"line":81,"column":24},"end":{"line":81,"column":25}},"loc":{"start":{"line":81,"column":50},"end":{"line":98,"column":1}},"line":81}},"branchMap":{"0":{"loc":{"start":{"line":24,"column":8},"end":{"line":29,"column":9}},"type":"if","locations":[{"start":{"line":24,"column":8},"end":{"line":29,"column":9}},{"start":{"line":24,"column":8},"end":{"line":29,"column":9}}],"line":24},"1":{"loc":{"start":{"line":52,"column":8},"end":{"line":54,"column":9}},"type":"if","locations":[{"start":{"line":52,"column":8},"end":{"line":54,"column":9}},{"start":{"line":52,"column":8},"end":{"line":54,"column":9}}],"line":52},"2":{"loc":{"start":{"line":69,"column":8},"end":{"line":74,"column":9}},"type":"if","locations":[{"start":{"line":69,"column":8},"end":{"line":74,"column":9}},{"start":{"line":69,"column":8},"end":{"line":74,"column":9}}],"line":69},"3":{"loc":{"start":{"line":88,"column":8},"end":{"line":93,"column":9}},"type":"if","locations":[{"start":{"line":88,"column":8},"end":{"line":93,"column":9}},{"start":{"line":88,"column":8},"end":{"line":93,"column":9}}],"line":88}},"s":{"0":2,"1":2,"2":2,"3":2,"4":2,"5":1,"6":1,"7":1,"8":0,"9":2,"10":2,"11":2,"12":2,"13":2,"14":1,"15":1,"16":1,"17":1,"18":1,"19":1,"20":1,"21":1,"22":2,"23":2,"24":2,"25":2,"26":1,"27":0,"28":1,"29":1,"30":2,"31":1,"32":1,"33":1,"34":1,"35":1,"36":0,"37":1,"38":0,"39":2,"40":1,"41":1,"42":1,"43":1,"44":0,"45":0,"46":1,"47":2},"f":{"0":1,"1":2,"2":1,"3":2,"4":1,"5":1},"b":{"0":[1,1],"1":[0,1],"2":[0,1],"3":[0,1]},"_coverageSchema":"1a1c01bbd47fc00a2c39e90264f33305004495a9","hash":"21c3a97d0695963821bf2b0266ca38a86b07d941"}
,"/home/booshja/Coding/Springboard/springboard-exercises-pt2/Node/35-1-BizTime/routes/invoices.js": {"path":"/home/booshja/Coding/Springboard/springboard-exercises-pt2/Node/35-1-BizTime/routes/invoices.js","statementMap":{"0":{"start":{"line":1,"column":16},"end":{"line":1,"column":34}},"1":{"start":{"line":2,"column":15},"end":{"line":2,"column":35}},"2":{"start":{"line":3,"column":11},"end":{"line":3,"column":27}},"3":{"start":{"line":4,"column":21},"end":{"line":4,"column":47}},"4":{"start":{"line":7,"column":24},"end":{"line":7,"column":34}},"5":{"start":{"line":8,"column":16},"end":{"line":8,"column":37}},"6":{"start":{"line":9,"column":18},"end":{"line":9,"column":44}},"7":{"start":{"line":10,"column":17},"end":{"line":10,"column":42}},"8":{"start":{"line":11,"column":4},"end":{"line":11,"column":70}},"9":{"start":{"line":14,"column":0},"end":{"line":23,"column":3}},"10":{"start":{"line":15,"column":4},"end":{"line":22,"column":5}},"11":{"start":{"line":16,"column":24},"end":{"line":18,"column":9}},"12":{"start":{"line":19,"column":8},"end":{"line":19,"column":52}},"13":{"start":{"line":21,"column":8},"end":{"line":21,"column":23}},"14":{"start":{"line":25,"column":0},"end":{"line":38,"column":3}},"15":{"start":{"line":26,"column":4},"end":{"line":37,"column":5}},"16":{"start":{"line":27,"column":23},"end":{"line":27,"column":33}},"17":{"start":{"line":28,"column":24},"end":{"line":30,"column":10}},"18":{"start":{"line":31,"column":8},"end":{"line":33,"column":9}},"19":{"start":{"line":32,"column":12},"end":{"line":32,"column":80}},"20":{"start":{"line":34,"column":8},"end":{"line":34,"column":54}},"21":{"start":{"line":36,"column":8},"end":{"line":36,"column":23}},"22":{"start":{"line":40,"column":0},"end":{"line":53,"column":3}},"23":{"start":{"line":41,"column":4},"end":{"line":52,"column":5}},"24":{"start":{"line":42,"column":35},"end":{"line":42,"column":43}},"25":{"start":{"line":43,"column":25},"end":{"line":43,"column":34}},"26":{"start":{"line":44,"column":24},"end":{"line":48,"column":9}},"27":{"start":{"line":49,"column":8},"end":{"line":49,"column":66}},"28":{"start":{"line":51,"column":8},"end":{"line":51,"column":41}},"29":{"start":{"line":55,"column":0},"end":{"line":73,"column":3}},"30":{"start":{"line":56,"column":4},"end":{"line":72,"column":5}},"31":{"start":{"line":57,"column":23},"end":{"line":57,"column":33}},"32":{"start":{"line":58,"column":24},"end":{"line":58,"column":32}},"33":{"start":{"line":59,"column":24},"end":{"line":62,"column":9}},"34":{"start":{"line":63,"column":8},"end":{"line":68,"column":9}},"35":{"start":{"line":64,"column":12},"end":{"line":67,"column":14}},"36":{"start":{"line":69,"column":8},"end":{"line":69,"column":54}},"37":{"start":{"line":71,"column":8},"end":{"line":71,"column":23}},"38":{"start":{"line":75,"column":0},"end":{"line":92,"column":3}},"39":{"start":{"line":76,"column":4},"end":{"line":90,"column":5}},"40":{"start":{"line":77,"column":23},"end":{"line":77,"column":33}},"41":{"start":{"line":78,"column":24},"end":{"line":81,"column":9}},"42":{"start":{"line":82,"column":8},"end":{"line":87,"column":9}},"43":{"start":{"line":83,"column":12},"end":{"line":86,"column":14}},"44":{"start":{"line":89,"column":8},"end":{"line":89,"column":46}},"45":{"start":{"line":91,"column":4},"end":{"line":91,"column":43}},"46":{"start":{"line":94,"column":0},"end":{"line":94,"column":24}}},"fnMap":{"0":{"name":"getDate","decl":{"start":{"line":6,"column":9},"end":{"line":6,"column":16}},"loc":{"start":{"line":6,"column":19},"end":{"line":12,"column":1}},"line":6},"1":{"name":"(anonymous_1)","decl":{"start":{"line":14,"column":16},"end":{"line":14,"column":17}},"loc":{"start":{"line":14,"column":36},"end":{"line":23,"column":1}},"line":14},"2":{"name":"(anonymous_2)","decl":{"start":{"line":25,"column":19},"end":{"line":25,"column":20}},"loc":{"start":{"line":25,"column":45},"end":{"line":38,"column":1}},"line":25},"3":{"name":"(anonymous_3)","decl":{"start":{"line":40,"column":17},"end":{"line":40,"column":18}},"loc":{"start":{"line":40,"column":43},"end":{"line":53,"column":1}},"line":40},"4":{"name":"(anonymous_4)","decl":{"start":{"line":55,"column":19},"end":{"line":55,"column":20}},"loc":{"start":{"line":55,"column":45},"end":{"line":73,"column":1}},"line":55},"5":{"name":"(anonymous_5)","decl":{"start":{"line":75,"column":22},"end":{"line":75,"column":23}},"loc":{"start":{"line":75,"column":48},"end":{"line":92,"column":1}},"line":75}},"branchMap":{"0":{"loc":{"start":{"line":31,"column":8},"end":{"line":33,"column":9}},"type":"if","locations":[{"start":{"line":31,"column":8},"end":{"line":33,"column":9}},{"start":{"line":31,"column":8},"end":{"line":33,"column":9}}],"line":31},"1":{"loc":{"start":{"line":63,"column":8},"end":{"line":68,"column":9}},"type":"if","locations":[{"start":{"line":63,"column":8},"end":{"line":68,"column":9}},{"start":{"line":63,"column":8},"end":{"line":68,"column":9}}],"line":63},"2":{"loc":{"start":{"line":82,"column":8},"end":{"line":87,"column":9}},"type":"if","locations":[{"start":{"line":82,"column":8},"end":{"line":87,"column":9}},{"start":{"line":82,"column":8},"end":{"line":87,"column":9}}],"line":82}},"s":{"0":2,"1":2,"2":2,"3":2,"4":1,"5":1,"6":1,"7":1,"8":1,"9":2,"10":1,"11":1,"12":1,"13":0,"14":2,"15":2,"16":2,"17":2,"18":2,"19":1,"20":1,"21":1,"22":2,"23":1,"24":1,"25":1,"26":1,"27":1,"28":0,"29":2,"30":2,"31":2,"32":2,"33":2,"34":2,"35":1,"36":1,"37":1,"38":2,"39":1,"40":1,"41":1,"42":1,"43":0,"44":0,"45":1,"46":2},"f":{"0":1,"1":1,"2":2,"3":1,"4":2,"5":1},"b":{"0":[1,1],"1":[1,1],"2":[0,1]},"_coverageSchema":"1a1c01bbd47fc00a2c39e90264f33305004495a9","hash":"d45e022f1fec485cc444f362eaed67d06e5e28ec"}
}
