TN:
SF:app.js
FN:17,(anonymous_0)
FN:24,(anonymous_1)
FNF:2
FNH:1
FNDA:0,(anonymous_0)
FNDA:4,(anonymous_1)
DA:3,2
DA:5,2
DA:6,2
DA:7,2
DA:9,2
DA:11,2
DA:12,2
DA:13,2
DA:17,2
DA:18,0
DA:19,0
DA:24,2
DA:25,4
DA:27,4
DA:33,2
LF:15
LH:13
BRDA:25,0,0,4
BRDA:25,0,1,1
BRF:2
BRH:2
end_of_record
TN:
SF:db.js
FNF:0
FNH:0
DA:3,2
DA:7,2
DA:8,2
DA:10,0
DA:13,2
DA:19,2
DA:21,2
LF:7
LH:6
BRDA:7,0,0,2
BRDA:7,0,1,0
BRF:2
BRH:1
end_of_record
TN:
SF:expressError.js
FN:8,(anonymous_0)
FNF:1
FNH:1
FNDA:3,(anonymous_0)
DA:9,3
DA:10,3
DA:11,3
DA:12,3
DA:17,2
LF:5
LH:5
BRF:0
BRH:0
end_of_record
TN:
SF:routes/companies.js
FN:6,(anonymous_0)
FN:17,(anonymous_1)
FN:37,(anonymous_2)
FN:45,(anonymous_3)
FN:61,(anonymous_4)
FN:81,(anonymous_5)
FNF:6
FNH:6
FNDA:1,(anonymous_0)
FNDA:2,(anonymous_1)
FNDA:1,(anonymous_2)
FNDA:2,(anonymous_3)
FNDA:1,(anonymous_4)
FNDA:1,(anonymous_5)
DA:1,2
DA:2,2
DA:3,2
DA:4,2
DA:6,2
DA:7,1
DA:8,1
DA:11,1
DA:13,0
DA:17,2
DA:18,2
DA:19,2
DA:20,2
DA:24,2
DA:25,1
DA:30,1
DA:34,1
DA:35,1
DA:37,1
DA:39,1
DA:41,1
DA:45,2
DA:46,2
DA:47,2
DA:48,2
DA:52,1
DA:53,0
DA:55,1
DA:57,1
DA:61,2
DA:62,1
DA:63,1
DA:64,1
DA:65,1
DA:69,1
DA:70,0
DA:75,1
DA:77,0
DA:81,2
DA:82,1
DA:83,1
DA:84,1
DA:88,1
DA:89,0
DA:95,0
DA:97,1
DA:100,2
LF:47
LH:41
BRDA:24,0,0,1
BRDA:24,0,1,1
BRDA:52,1,0,0
BRDA:52,1,1,1
BRDA:69,2,0,0
BRDA:69,2,1,1
BRDA:88,3,0,0
BRDA:88,3,1,1
BRF:8
BRH:5
end_of_record
TN:
SF:routes/invoices.js
FN:6,getDate
FN:14,(anonymous_1)
FN:25,(anonymous_2)
FN:40,(anonymous_3)
FN:55,(anonymous_4)
FN:75,(anonymous_5)
FNF:6
FNH:6
FNDA:1,getDate
FNDA:1,(anonymous_1)
FNDA:2,(anonymous_2)
FNDA:1,(anonymous_3)
FNDA:2,(anonymous_4)
FNDA:1,(anonymous_5)
DA:1,2
DA:2,2
DA:3,2
DA:4,2
DA:7,1
DA:8,1
DA:9,1
DA:10,1
DA:11,1
DA:14,2
DA:15,1
DA:16,1
DA:19,1
DA:21,0
DA:25,2
DA:26,2
DA:27,2
DA:28,2
DA:31,2
DA:32,1
DA:34,1
DA:36,1
DA:40,2
DA:41,1
DA:42,1
DA:43,1
DA:44,1
DA:49,1
DA:51,0
DA:55,2
DA:56,2
DA:57,2
DA:58,2
DA:59,2
DA:63,2
DA:64,1
DA:69,1
DA:71,1
DA:75,2
DA:76,1
DA:77,1
DA:78,1
DA:82,1
DA:83,0
DA:89,0
DA:91,1
DA:94,2
LF:47
LH:43
BRDA:31,0,0,1
BRDA:31,0,1,1
BRDA:63,1,0,1
BRDA:63,1,1,1
BRDA:82,2,0,0
BRDA:82,2,1,1
BRF:6
BRH:5
end_of_record
