<?xml version="1.0" encoding="UTF-8"?>
<coverage generated="1624041502768" clover="3.2.0">
  <project timestamp="1624041502768" name="All files">
    <metrics statements="117" coveredstatements="116" conditionals="33" coveredconditionals="32" methods="15" coveredmethods="15" elements="165" coveredelements="163" complexity="0" loc="117" ncloc="117" packages="1" files="1" classes="1"/>
    <file name="linked-list.js" path="/home/booshja/Coding/Springboard/springboard-exercises-pt2/Data-Structures-Algorithms/47-4-Arrays-Linked-Lists/linked-list.js">
      <metrics statements="117" coveredstatements="116" conditionals="33" coveredconditionals="32" methods="15" coveredmethods="15"/>
      <line num="5" count="66" type="stmt"/>
      <line num="6" count="66" type="stmt"/>
      <line num="14" count="27" type="stmt"/>
      <line num="15" count="27" type="stmt"/>
      <line num="16" count="27" type="stmt"/>
      <line num="18" count="57" type="stmt"/>
      <line num="23" count="23" type="cond" truecount="2" falsecount="0"/>
      <line num="24" count="5" type="stmt"/>
      <line num="29" count="14" type="cond" truecount="4" falsecount="0"/>
      <line num="30" count="6" type="stmt"/>
      <line num="35" count="5" type="cond" truecount="4" falsecount="0"/>
      <line num="36" count="2" type="cond" truecount="1" falsecount="1"/>
      <line num="37" count="2" type="stmt"/>
      <line num="43" count="2" type="stmt"/>
      <line num="44" count="2" type="stmt"/>
      <line num="45" count="2" type="stmt"/>
      <line num="53" count="60" type="stmt"/>
      <line num="54" count="60" type="cond" truecount="2" falsecount="0"/>
      <line num="55" count="19" type="stmt"/>
      <line num="56" count="19" type="stmt"/>
      <line num="58" count="41" type="stmt"/>
      <line num="59" count="41" type="stmt"/>
      <line num="61" count="60" type="stmt"/>
      <line num="63" count="60" type="stmt"/>
      <line num="71" count="3" type="stmt"/>
      <line num="72" count="3" type="cond" truecount="2" falsecount="0"/>
      <line num="73" count="1" type="stmt"/>
      <line num="74" count="1" type="stmt"/>
      <line num="76" count="2" type="stmt"/>
      <line num="77" count="2" type="stmt"/>
      <line num="79" count="3" type="stmt"/>
      <line num="81" count="3" type="stmt"/>
      <line num="91" count="3" type="stmt"/>
      <line num="94" count="2" type="stmt"/>
      <line num="97" count="2" type="cond" truecount="2" falsecount="0"/>
      <line num="98" count="1" type="stmt"/>
      <line num="99" count="1" type="stmt"/>
      <line num="103" count="1" type="stmt"/>
      <line num="104" count="1" type="stmt"/>
      <line num="105" count="0" type="stmt"/>
      <line num="109" count="1" type="stmt"/>
      <line num="110" count="1" type="stmt"/>
      <line num="111" count="1" type="stmt"/>
      <line num="113" count="1" type="stmt"/>
      <line num="123" count="3" type="stmt"/>
      <line num="126" count="2" type="stmt"/>
      <line num="129" count="2" type="cond" truecount="2" falsecount="0"/>
      <line num="130" count="1" type="stmt"/>
      <line num="131" count="1" type="stmt"/>
      <line num="135" count="1" type="stmt"/>
      <line num="138" count="1" type="stmt"/>
      <line num="139" count="1" type="stmt"/>
      <line num="141" count="1" type="stmt"/>
      <line num="151" count="5" type="stmt"/>
      <line num="153" count="4" type="stmt"/>
      <line num="156" count="2" type="stmt"/>
      <line num="157" count="2" type="stmt"/>
      <line num="158" count="1" type="stmt"/>
      <line num="161" count="2" type="stmt"/>
      <line num="171" count="8" type="stmt"/>
      <line num="173" count="6" type="stmt"/>
      <line num="176" count="2" type="stmt"/>
      <line num="177" count="2" type="stmt"/>
      <line num="178" count="1" type="stmt"/>
      <line num="182" count="2" type="stmt"/>
      <line num="184" count="2" type="stmt"/>
      <line num="194" count="5" type="stmt"/>
      <line num="196" count="3" type="stmt"/>
      <line num="199" count="3" type="cond" truecount="2" falsecount="0"/>
      <line num="200" count="1" type="stmt"/>
      <line num="201" count="1" type="stmt"/>
      <line num="202" count="1" type="stmt"/>
      <line num="203" count="1" type="stmt"/>
      <line num="207" count="2" type="stmt"/>
      <line num="208" count="2" type="stmt"/>
      <line num="209" count="5" type="stmt"/>
      <line num="211" count="2" type="stmt"/>
      <line num="214" count="2" type="stmt"/>
      <line num="215" count="2" type="cond" truecount="2" falsecount="0"/>
      <line num="216" count="1" type="stmt"/>
      <line num="218" count="1" type="stmt"/>
      <line num="220" count="2" type="stmt"/>
      <line num="222" count="2" type="stmt"/>
      <line num="232" count="4" type="stmt"/>
      <line num="234" count="4" type="stmt"/>
      <line num="237" count="4" type="cond" truecount="2" falsecount="0"/>
      <line num="238" count="1" type="stmt"/>
      <line num="239" count="1" type="stmt"/>
      <line num="240" count="1" type="stmt"/>
      <line num="241" count="1" type="stmt"/>
      <line num="242" count="1" type="stmt"/>
      <line num="246" count="3" type="cond" truecount="2" falsecount="0"/>
      <line num="247" count="1" type="stmt"/>
      <line num="248" count="1" type="stmt"/>
      <line num="249" count="1" type="stmt"/>
      <line num="250" count="1" type="stmt"/>
      <line num="254" count="2" type="stmt"/>
      <line num="255" count="2" type="stmt"/>
      <line num="256" count="2" type="stmt"/>
      <line num="258" count="2" type="stmt"/>
      <line num="260" count="2" type="cond" truecount="2" falsecount="0"/>
      <line num="261" count="1" type="stmt"/>
      <line num="262" count="1" type="stmt"/>
      <line num="263" count="1" type="stmt"/>
      <line num="266" count="1" type="stmt"/>
      <line num="269" count="1" type="stmt"/>
      <line num="270" count="1" type="stmt"/>
      <line num="272" count="1" type="stmt"/>
      <line num="281" count="2" type="cond" truecount="2" falsecount="0"/>
      <line num="282" count="1" type="stmt"/>
      <line num="286" count="1" type="stmt"/>
      <line num="287" count="1" type="stmt"/>
      <line num="288" count="1" type="stmt"/>
      <line num="289" count="6" type="stmt"/>
      <line num="290" count="6" type="stmt"/>
      <line num="294" count="1" type="stmt"/>
      <line num="298" count="1" type="stmt"/>
    </file>
  </project>
</coverage>
