{"/home/booshja/Coding/Springboard/springboard-exercises-pt2/Data-Structures-Algorithms/47-4-Arrays-Linked-Lists/linked-list.js": {"path":"/home/booshja/Coding/Springboard/springboard-exercises-pt2/Data-Structures-Algorithms/47-4-Arrays-Linked-Lists/linked-list.js","statementMap":{"0":{"start":{"line":5,"column":8},"end":{"line":5,"column":23}},"1":{"start":{"line":6,"column":8},"end":{"line":6,"column":25}},"2":{"start":{"line":14,"column":8},"end":{"line":14,"column":25}},"3":{"start":{"line":15,"column":8},"end":{"line":15,"column":25}},"4":{"start":{"line":16,"column":8},"end":{"line":16,"column":24}},"5":{"start":{"line":18,"column":8},"end":{"line":18,"column":45}},"6":{"start":{"line":18,"column":30},"end":{"line":18,"column":45}},"7":{"start":{"line":23,"column":8},"end":{"line":25,"column":9}},"8":{"start":{"line":24,"column":12},"end":{"line":24,"column":72}},"9":{"start":{"line":29,"column":8},"end":{"line":31,"column":9}},"10":{"start":{"line":30,"column":12},"end":{"line":30,"column":46}},"11":{"start":{"line":35,"column":8},"end":{"line":39,"column":9}},"12":{"start":{"line":36,"column":12},"end":{"line":38,"column":13}},"13":{"start":{"line":37,"column":16},"end":{"line":37,"column":50}},"14":{"start":{"line":43,"column":8},"end":{"line":43,"column":25}},"15":{"start":{"line":44,"column":8},"end":{"line":44,"column":25}},"16":{"start":{"line":45,"column":8},"end":{"line":45,"column":24}},"17":{"start":{"line":53,"column":24},"end":{"line":53,"column":37}},"18":{"start":{"line":54,"column":8},"end":{"line":60,"column":9}},"19":{"start":{"line":55,"column":12},"end":{"line":55,"column":32}},"20":{"start":{"line":56,"column":12},"end":{"line":56,"column":32}},"21":{"start":{"line":58,"column":12},"end":{"line":58,"column":37}},"22":{"start":{"line":59,"column":12},"end":{"line":59,"column":32}},"23":{"start":{"line":61,"column":8},"end":{"line":61,"column":25}},"24":{"start":{"line":63,"column":8},"end":{"line":63,"column":25}},"25":{"start":{"line":71,"column":24},"end":{"line":71,"column":37}},"26":{"start":{"line":72,"column":8},"end":{"line":78,"column":9}},"27":{"start":{"line":73,"column":12},"end":{"line":73,"column":32}},"28":{"start":{"line":74,"column":12},"end":{"line":74,"column":32}},"29":{"start":{"line":76,"column":12},"end":{"line":76,"column":37}},"30":{"start":{"line":77,"column":12},"end":{"line":77,"column":32}},"31":{"start":{"line":79,"column":8},"end":{"line":79,"column":25}},"32":{"start":{"line":81,"column":8},"end":{"line":81,"column":25}},"33":{"start":{"line":91,"column":8},"end":{"line":91,"column":28}},"34":{"start":{"line":94,"column":28},"end":{"line":94,"column":41}},"35":{"start":{"line":97,"column":8},"end":{"line":100,"column":9}},"36":{"start":{"line":98,"column":12},"end":{"line":98,"column":29}},"37":{"start":{"line":99,"column":12},"end":{"line":99,"column":31}},"38":{"start":{"line":103,"column":23},"end":{"line":103,"column":32}},"39":{"start":{"line":104,"column":8},"end":{"line":106,"column":9}},"40":{"start":{"line":105,"column":12},"end":{"line":105,"column":37}},"41":{"start":{"line":109,"column":8},"end":{"line":109,"column":29}},"42":{"start":{"line":110,"column":8},"end":{"line":110,"column":30}},"43":{"start":{"line":111,"column":8},"end":{"line":111,"column":25}},"44":{"start":{"line":113,"column":8},"end":{"line":113,"column":27}},"45":{"start":{"line":123,"column":8},"end":{"line":123,"column":28}},"46":{"start":{"line":126,"column":29},"end":{"line":126,"column":42}},"47":{"start":{"line":129,"column":8},"end":{"line":132,"column":9}},"48":{"start":{"line":130,"column":12},"end":{"line":130,"column":29}},"49":{"start":{"line":131,"column":12},"end":{"line":131,"column":32}},"50":{"start":{"line":135,"column":28},"end":{"line":135,"column":42}},"51":{"start":{"line":138,"column":8},"end":{"line":138,"column":32}},"52":{"start":{"line":139,"column":8},"end":{"line":139,"column":25}},"53":{"start":{"line":141,"column":8},"end":{"line":141,"column":28}},"54":{"start":{"line":151,"column":8},"end":{"line":151,"column":28}},"55":{"start":{"line":153,"column":8},"end":{"line":153,"column":36}},"56":{"start":{"line":156,"column":23},"end":{"line":156,"column":32}},"57":{"start":{"line":157,"column":8},"end":{"line":159,"column":9}},"58":{"start":{"line":157,"column":21},"end":{"line":157,"column":22}},"59":{"start":{"line":158,"column":12},"end":{"line":158,"column":37}},"60":{"start":{"line":161,"column":8},"end":{"line":161,"column":28}},"61":{"start":{"line":171,"column":8},"end":{"line":171,"column":28}},"62":{"start":{"line":173,"column":8},"end":{"line":173,"column":36}},"63":{"start":{"line":176,"column":23},"end":{"line":176,"column":32}},"64":{"start":{"line":177,"column":8},"end":{"line":179,"column":9}},"65":{"start":{"line":177,"column":21},"end":{"line":177,"column":22}},"66":{"start":{"line":178,"column":12},"end":{"line":178,"column":37}},"67":{"start":{"line":182,"column":8},"end":{"line":182,"column":27}},"68":{"start":{"line":184,"column":8},"end":{"line":184,"column":25}},"69":{"start":{"line":194,"column":8},"end":{"line":194,"column":43}},"70":{"start":{"line":196,"column":24},"end":{"line":196,"column":37}},"71":{"start":{"line":199,"column":8},"end":{"line":204,"column":9}},"72":{"start":{"line":200,"column":12},"end":{"line":200,"column":32}},"73":{"start":{"line":201,"column":12},"end":{"line":201,"column":32}},"74":{"start":{"line":202,"column":12},"end":{"line":202,"column":28}},"75":{"start":{"line":203,"column":12},"end":{"line":203,"column":29}},"76":{"start":{"line":207,"column":25},"end":{"line":207,"column":34}},"77":{"start":{"line":208,"column":8},"end":{"line":210,"column":9}},"78":{"start":{"line":208,"column":21},"end":{"line":208,"column":22}},"79":{"start":{"line":209,"column":12},"end":{"line":209,"column":41}},"80":{"start":{"line":211,"column":26},"end":{"line":211,"column":41}},"81":{"start":{"line":214,"column":8},"end":{"line":214,"column":34}},"82":{"start":{"line":215,"column":8},"end":{"line":219,"column":9}},"83":{"start":{"line":216,"column":12},"end":{"line":216,"column":32}},"84":{"start":{"line":218,"column":12},"end":{"line":218,"column":37}},"85":{"start":{"line":220,"column":8},"end":{"line":220,"column":25}},"86":{"start":{"line":222,"column":8},"end":{"line":222,"column":25}},"87":{"start":{"line":232,"column":8},"end":{"line":232,"column":28}},"88":{"start":{"line":234,"column":8},"end":{"line":234,"column":36}},"89":{"start":{"line":237,"column":8},"end":{"line":243,"column":9}},"90":{"start":{"line":238,"column":30},"end":{"line":238,"column":43}},"91":{"start":{"line":239,"column":12},"end":{"line":239,"column":29}},"92":{"start":{"line":240,"column":12},"end":{"line":240,"column":29}},"93":{"start":{"line":241,"column":12},"end":{"line":241,"column":28}},"94":{"start":{"line":242,"column":12},"end":{"line":242,"column":29}},"95":{"start":{"line":246,"column":8},"end":{"line":251,"column":9}},"96":{"start":{"line":247,"column":30},"end":{"line":247,"column":43}},"97":{"start":{"line":248,"column":12},"end":{"line":248,"column":39}},"98":{"start":{"line":249,"column":12},"end":{"line":249,"column":29}},"99":{"start":{"line":250,"column":12},"end":{"line":250,"column":29}},"100":{"start":{"line":254,"column":25},"end":{"line":254,"column":34}},"101":{"start":{"line":255,"column":8},"end":{"line":257,"column":9}},"102":{"start":{"line":255,"column":21},"end":{"line":255,"column":22}},"103":{"start":{"line":256,"column":12},"end":{"line":256,"column":41}},"104":{"start":{"line":258,"column":30},"end":{"line":258,"column":49}},"105":{"start":{"line":260,"column":8},"end":{"line":264,"column":9}},"106":{"start":{"line":261,"column":12},"end":{"line":261,"column":35}},"107":{"start":{"line":262,"column":12},"end":{"line":262,"column":29}},"108":{"start":{"line":263,"column":12},"end":{"line":263,"column":33}},"109":{"start":{"line":266,"column":26},"end":{"line":266,"column":46}},"110":{"start":{"line":269,"column":8},"end":{"line":269,"column":36}},"111":{"start":{"line":270,"column":8},"end":{"line":270,"column":25}},"112":{"start":{"line":272,"column":8},"end":{"line":272,"column":29}},"113":{"start":{"line":281,"column":8},"end":{"line":283,"column":9}},"114":{"start":{"line":282,"column":12},"end":{"line":282,"column":21}},"115":{"start":{"line":286,"column":23},"end":{"line":286,"column":32}},"116":{"start":{"line":287,"column":23},"end":{"line":287,"column":35}},"117":{"start":{"line":288,"column":8},"end":{"line":291,"column":9}},"118":{"start":{"line":288,"column":21},"end":{"line":288,"column":22}},"119":{"start":{"line":289,"column":12},"end":{"line":289,"column":37}},"120":{"start":{"line":290,"column":12},"end":{"line":290,"column":47}},"121":{"start":{"line":294,"column":8},"end":{"line":294,"column":38}},"122":{"start":{"line":298,"column":0},"end":{"line":298,"column":28}}},"fnMap":{"0":{"name":"(anonymous_0)","decl":{"start":{"line":4,"column":4},"end":{"line":4,"column":5}},"loc":{"start":{"line":4,"column":21},"end":{"line":7,"column":5}},"line":4},"1":{"name":"(anonymous_1)","decl":{"start":{"line":13,"column":4},"end":{"line":13,"column":5}},"loc":{"start":{"line":13,"column":27},"end":{"line":19,"column":5}},"line":13},"2":{"name":"(anonymous_2)","decl":{"start":{"line":22,"column":4},"end":{"line":22,"column":5}},"loc":{"start":{"line":22,"column":19},"end":{"line":26,"column":5}},"line":22},"3":{"name":"(anonymous_3)","decl":{"start":{"line":28,"column":4},"end":{"line":28,"column":5}},"loc":{"start":{"line":28,"column":27},"end":{"line":32,"column":5}},"line":28},"4":{"name":"(anonymous_4)","decl":{"start":{"line":34,"column":4},"end":{"line":34,"column":5}},"loc":{"start":{"line":34,"column":34},"end":{"line":40,"column":5}},"line":34},"5":{"name":"(anonymous_5)","decl":{"start":{"line":42,"column":4},"end":{"line":42,"column":5}},"loc":{"start":{"line":42,"column":16},"end":{"line":46,"column":5}},"line":42},"6":{"name":"(anonymous_6)","decl":{"start":{"line":52,"column":4},"end":{"line":52,"column":5}},"loc":{"start":{"line":52,"column":14},"end":{"line":64,"column":5}},"line":52},"7":{"name":"(anonymous_7)","decl":{"start":{"line":70,"column":4},"end":{"line":70,"column":5}},"loc":{"start":{"line":70,"column":17},"end":{"line":82,"column":5}},"line":70},"8":{"name":"(anonymous_8)","decl":{"start":{"line":89,"column":4},"end":{"line":89,"column":5}},"loc":{"start":{"line":89,"column":10},"end":{"line":114,"column":5}},"line":89},"9":{"name":"(anonymous_9)","decl":{"start":{"line":121,"column":4},"end":{"line":121,"column":5}},"loc":{"start":{"line":121,"column":12},"end":{"line":142,"column":5}},"line":121},"10":{"name":"(anonymous_10)","decl":{"start":{"line":149,"column":4},"end":{"line":149,"column":5}},"loc":{"start":{"line":149,"column":15},"end":{"line":162,"column":5}},"line":149},"11":{"name":"(anonymous_11)","decl":{"start":{"line":169,"column":4},"end":{"line":169,"column":5}},"loc":{"start":{"line":169,"column":20},"end":{"line":185,"column":5}},"line":169},"12":{"name":"(anonymous_12)","decl":{"start":{"line":192,"column":4},"end":{"line":192,"column":5}},"loc":{"start":{"line":192,"column":23},"end":{"line":223,"column":5}},"line":192},"13":{"name":"(anonymous_13)","decl":{"start":{"line":230,"column":4},"end":{"line":230,"column":5}},"loc":{"start":{"line":230,"column":18},"end":{"line":273,"column":5}},"line":230},"14":{"name":"(anonymous_14)","decl":{"start":{"line":279,"column":4},"end":{"line":279,"column":5}},"loc":{"start":{"line":279,"column":14},"end":{"line":295,"column":5}},"line":279}},"branchMap":{"0":{"loc":{"start":{"line":13,"column":16},"end":{"line":13,"column":25}},"type":"default-arg","locations":[{"start":{"line":13,"column":23},"end":{"line":13,"column":25}}],"line":13},"1":{"loc":{"start":{"line":23,"column":8},"end":{"line":25,"column":9}},"type":"if","locations":[{"start":{"line":23,"column":8},"end":{"line":25,"column":9}},{"start":{"line":23,"column":8},"end":{"line":25,"column":9}}],"line":23},"2":{"loc":{"start":{"line":29,"column":8},"end":{"line":31,"column":9}},"type":"if","locations":[{"start":{"line":29,"column":8},"end":{"line":31,"column":9}},{"start":{"line":29,"column":8},"end":{"line":31,"column":9}}],"line":29},"3":{"loc":{"start":{"line":29,"column":12},"end":{"line":29,"column":40}},"type":"binary-expr","locations":[{"start":{"line":29,"column":12},"end":{"line":29,"column":29}},{"start":{"line":29,"column":33},"end":{"line":29,"column":40}}],"line":29},"4":{"loc":{"start":{"line":35,"column":8},"end":{"line":39,"column":9}},"type":"if","locations":[{"start":{"line":35,"column":8},"end":{"line":39,"column":9}},{"start":{"line":35,"column":8},"end":{"line":39,"column":9}}],"line":35},"5":{"loc":{"start":{"line":35,"column":12},"end":{"line":35,"column":40}},"type":"binary-expr","locations":[{"start":{"line":35,"column":12},"end":{"line":35,"column":29}},{"start":{"line":35,"column":33},"end":{"line":35,"column":40}}],"line":35},"6":{"loc":{"start":{"line":36,"column":12},"end":{"line":38,"column":13}},"type":"if","locations":[{"start":{"line":36,"column":12},"end":{"line":38,"column":13}},{"start":{"line":36,"column":12},"end":{"line":38,"column":13}}],"line":36},"7":{"loc":{"start":{"line":54,"column":8},"end":{"line":60,"column":9}},"type":"if","locations":[{"start":{"line":54,"column":8},"end":{"line":60,"column":9}},{"start":{"line":54,"column":8},"end":{"line":60,"column":9}}],"line":54},"8":{"loc":{"start":{"line":72,"column":8},"end":{"line":78,"column":9}},"type":"if","locations":[{"start":{"line":72,"column":8},"end":{"line":78,"column":9}},{"start":{"line":72,"column":8},"end":{"line":78,"column":9}}],"line":72},"9":{"loc":{"start":{"line":97,"column":8},"end":{"line":100,"column":9}},"type":"if","locations":[{"start":{"line":97,"column":8},"end":{"line":100,"column":9}},{"start":{"line":97,"column":8},"end":{"line":100,"column":9}}],"line":97},"10":{"loc":{"start":{"line":129,"column":8},"end":{"line":132,"column":9}},"type":"if","locations":[{"start":{"line":129,"column":8},"end":{"line":132,"column":9}},{"start":{"line":129,"column":8},"end":{"line":132,"column":9}}],"line":129},"11":{"loc":{"start":{"line":199,"column":8},"end":{"line":204,"column":9}},"type":"if","locations":[{"start":{"line":199,"column":8},"end":{"line":204,"column":9}},{"start":{"line":199,"column":8},"end":{"line":204,"column":9}}],"line":199},"12":{"loc":{"start":{"line":215,"column":8},"end":{"line":219,"column":9}},"type":"if","locations":[{"start":{"line":215,"column":8},"end":{"line":219,"column":9}},{"start":{"line":215,"column":8},"end":{"line":219,"column":9}}],"line":215},"13":{"loc":{"start":{"line":237,"column":8},"end":{"line":243,"column":9}},"type":"if","locations":[{"start":{"line":237,"column":8},"end":{"line":243,"column":9}},{"start":{"line":237,"column":8},"end":{"line":243,"column":9}}],"line":237},"14":{"loc":{"start":{"line":246,"column":8},"end":{"line":251,"column":9}},"type":"if","locations":[{"start":{"line":246,"column":8},"end":{"line":251,"column":9}},{"start":{"line":246,"column":8},"end":{"line":251,"column":9}}],"line":246},"15":{"loc":{"start":{"line":260,"column":8},"end":{"line":264,"column":9}},"type":"if","locations":[{"start":{"line":260,"column":8},"end":{"line":264,"column":9}},{"start":{"line":260,"column":8},"end":{"line":264,"column":9}}],"line":260},"16":{"loc":{"start":{"line":281,"column":8},"end":{"line":283,"column":9}},"type":"if","locations":[{"start":{"line":281,"column":8},"end":{"line":283,"column":9}},{"start":{"line":281,"column":8},"end":{"line":283,"column":9}}],"line":281}},"s":{"0":66,"1":66,"2":27,"3":27,"4":27,"5":27,"6":57,"7":23,"8":5,"9":14,"10":6,"11":5,"12":2,"13":2,"14":2,"15":2,"16":2,"17":60,"18":60,"19":19,"20":19,"21":41,"22":41,"23":60,"24":60,"25":3,"26":3,"27":1,"28":1,"29":2,"30":2,"31":3,"32":3,"33":3,"34":2,"35":2,"36":1,"37":1,"38":1,"39":1,"40":0,"41":1,"42":1,"43":1,"44":1,"45":3,"46":2,"47":2,"48":1,"49":1,"50":1,"51":1,"52":1,"53":1,"54":5,"55":4,"56":2,"57":2,"58":2,"59":1,"60":2,"61":8,"62":6,"63":2,"64":2,"65":2,"66":1,"67":2,"68":2,"69":5,"70":3,"71":3,"72":1,"73":1,"74":1,"75":1,"76":2,"77":2,"78":2,"79":5,"80":2,"81":2,"82":2,"83":1,"84":1,"85":2,"86":2,"87":4,"88":4,"89":4,"90":1,"91":1,"92":1,"93":1,"94":1,"95":3,"96":1,"97":1,"98":1,"99":1,"100":2,"101":2,"102":2,"103":2,"104":2,"105":2,"106":1,"107":1,"108":1,"109":1,"110":1,"111":1,"112":1,"113":2,"114":1,"115":1,"116":1,"117":1,"118":1,"119":6,"120":6,"121":1,"122":1},"f":{"0":66,"1":27,"2":23,"3":14,"4":5,"5":2,"6":60,"7":3,"8":3,"9":3,"10":5,"11":8,"12":5,"13":4,"14":2},"b":{"0":[9],"1":[5,18],"2":[6,8],"3":[14,11],"4":[2,3],"5":[5,4],"6":[2,0],"7":[19,41],"8":[1,2],"9":[1,1],"10":[1,1],"11":[1,2],"12":[1,1],"13":[1,3],"14":[1,2],"15":[1,1],"16":[1,1]},"_coverageSchema":"1a1c01bbd47fc00a2c39e90264f33305004495a9","hash":"0dcf1f63d727dca41937b7acd09b99dba3529923"}
}
