TN:
SF:linked-list.js
FN:4,(anonymous_0)
FN:13,(anonymous_1)
FN:22,(anonymous_2)
FN:28,(anonymous_3)
FN:34,(anonymous_4)
FN:42,(anonymous_5)
FN:52,(anonymous_6)
FN:70,(anonymous_7)
FN:89,(anonymous_8)
FN:121,(anonymous_9)
FN:149,(anonymous_10)
FN:169,(anonymous_11)
FN:192,(anonymous_12)
FN:230,(anonymous_13)
FN:279,(anonymous_14)
FNF:15
FNH:15
FNDA:66,(anonymous_0)
FNDA:27,(anonymous_1)
FNDA:23,(anonymous_2)
FNDA:14,(anonymous_3)
FNDA:5,(anonymous_4)
FNDA:2,(anonymous_5)
FNDA:60,(anonymous_6)
FNDA:3,(anonymous_7)
FNDA:3,(anonymous_8)
FNDA:3,(anonymous_9)
FNDA:5,(anonymous_10)
FNDA:8,(anonymous_11)
FNDA:5,(anonymous_12)
FNDA:4,(anonymous_13)
FNDA:2,(anonymous_14)
DA:5,66
DA:6,66
DA:14,27
DA:15,27
DA:16,27
DA:18,57
DA:23,23
DA:24,5
DA:29,14
DA:30,6
DA:35,5
DA:36,2
DA:37,2
DA:43,2
DA:44,2
DA:45,2
DA:53,60
DA:54,60
DA:55,19
DA:56,19
DA:58,41
DA:59,41
DA:61,60
DA:63,60
DA:71,3
DA:72,3
DA:73,1
DA:74,1
DA:76,2
DA:77,2
DA:79,3
DA:81,3
DA:91,3
DA:94,2
DA:97,2
DA:98,1
DA:99,1
DA:103,1
DA:104,1
DA:105,0
DA:109,1
DA:110,1
DA:111,1
DA:113,1
DA:123,3
DA:126,2
DA:129,2
DA:130,1
DA:131,1
DA:135,1
DA:138,1
DA:139,1
DA:141,1
DA:151,5
DA:153,4
DA:156,2
DA:157,2
DA:158,1
DA:161,2
DA:171,8
DA:173,6
DA:176,2
DA:177,2
DA:178,1
DA:182,2
DA:184,2
DA:194,5
DA:196,3
DA:199,3
DA:200,1
DA:201,1
DA:202,1
DA:203,1
DA:207,2
DA:208,2
DA:209,5
DA:211,2
DA:214,2
DA:215,2
DA:216,1
DA:218,1
DA:220,2
DA:222,2
DA:232,4
DA:234,4
DA:237,4
DA:238,1
DA:239,1
DA:240,1
DA:241,1
DA:242,1
DA:246,3
DA:247,1
DA:248,1
DA:249,1
DA:250,1
DA:254,2
DA:255,2
DA:256,2
DA:258,2
DA:260,2
DA:261,1
DA:262,1
DA:263,1
DA:266,1
DA:269,1
DA:270,1
DA:272,1
DA:281,2
DA:282,1
DA:286,1
DA:287,1
DA:288,1
DA:289,6
DA:290,6
DA:294,1
DA:298,1
LF:117
LH:116
BRDA:13,0,0,9
BRDA:23,1,0,5
BRDA:23,1,1,18
BRDA:29,2,0,6
BRDA:29,2,1,8
BRDA:29,3,0,14
BRDA:29,3,1,11
BRDA:35,4,0,2
BRDA:35,4,1,3
BRDA:35,5,0,5
BRDA:35,5,1,4
BRDA:36,6,0,2
BRDA:36,6,1,0
BRDA:54,7,0,19
BRDA:54,7,1,41
BRDA:72,8,0,1
BRDA:72,8,1,2
BRDA:97,9,0,1
BRDA:97,9,1,1
BRDA:129,10,0,1
BRDA:129,10,1,1
BRDA:199,11,0,1
BRDA:199,11,1,2
BRDA:215,12,0,1
BRDA:215,12,1,1
BRDA:237,13,0,1
BRDA:237,13,1,3
BRDA:246,14,0,1
BRDA:246,14,1,2
BRDA:260,15,0,1
BRDA:260,15,1,1
BRDA:281,16,0,1
BRDA:281,16,1,1
BRF:33
BRH:32
end_of_record
