{"/home/booshja/Coding/Springboard/springboard-exercises-pt2/Node/37-Jobly/app.js": {"path":"/home/booshja/Coding/Springboard/springboard-exercises-pt2/Node/37-Jobly/app.js","statementMap":{"0":{"start":{"line":5,"column":16},"end":{"line":5,"column":34}},"1":{"start":{"line":6,"column":13},"end":{"line":6,"column":28}},"2":{"start":{"line":8,"column":26},"end":{"line":8,"column":51}},"3":{"start":{"line":10,"column":28},"end":{"line":10,"column":56}},"4":{"start":{"line":11,"column":19},"end":{"line":11,"column":43}},"5":{"start":{"line":12,"column":24},"end":{"line":12,"column":53}},"6":{"start":{"line":13,"column":20},"end":{"line":13,"column":45}},"7":{"start":{"line":14,"column":19},"end":{"line":14,"column":43}},"8":{"start":{"line":16,"column":15},"end":{"line":16,"column":32}},"9":{"start":{"line":18,"column":12},"end":{"line":18,"column":21}},"10":{"start":{"line":20,"column":0},"end":{"line":20,"column":16}},"11":{"start":{"line":21,"column":0},"end":{"line":21,"column":24}},"12":{"start":{"line":22,"column":0},"end":{"line":22,"column":24}},"13":{"start":{"line":23,"column":0},"end":{"line":23,"column":25}},"14":{"start":{"line":25,"column":0},"end":{"line":25,"column":29}},"15":{"start":{"line":26,"column":0},"end":{"line":26,"column":39}},"16":{"start":{"line":27,"column":0},"end":{"line":27,"column":31}},"17":{"start":{"line":28,"column":0},"end":{"line":28,"column":29}},"18":{"start":{"line":31,"column":0},"end":{"line":33,"column":3}},"19":{"start":{"line":32,"column":4},"end":{"line":32,"column":37}},"20":{"start":{"line":36,"column":0},"end":{"line":44,"column":3}},"21":{"start":{"line":37,"column":4},"end":{"line":37,"column":66}},"22":{"start":{"line":37,"column":41},"end":{"line":37,"column":66}},"23":{"start":{"line":38,"column":19},"end":{"line":38,"column":36}},"24":{"start":{"line":39,"column":20},"end":{"line":39,"column":31}},"25":{"start":{"line":41,"column":4},"end":{"line":43,"column":7}},"26":{"start":{"line":46,"column":0},"end":{"line":46,"column":21}}},"fnMap":{"0":{"name":"(anonymous_0)","decl":{"start":{"line":31,"column":8},"end":{"line":31,"column":9}},"loc":{"start":{"line":31,"column":34},"end":{"line":33,"column":1}},"line":31},"1":{"name":"(anonymous_1)","decl":{"start":{"line":36,"column":8},"end":{"line":36,"column":9}},"loc":{"start":{"line":36,"column":39},"end":{"line":44,"column":1}},"line":36}},"branchMap":{"0":{"loc":{"start":{"line":37,"column":4},"end":{"line":37,"column":66}},"type":"if","locations":[{"start":{"line":37,"column":4},"end":{"line":37,"column":66}},{"start":{"line":37,"column":4},"end":{"line":37,"column":66}}],"line":37},"1":{"loc":{"start":{"line":38,"column":19},"end":{"line":38,"column":36}},"type":"binary-expr","locations":[{"start":{"line":38,"column":19},"end":{"line":38,"column":29}},{"start":{"line":38,"column":33},"end":{"line":38,"column":36}}],"line":38}},"s":{"0":5,"1":5,"2":5,"3":5,"4":5,"5":5,"6":5,"7":5,"8":5,"9":5,"10":5,"11":5,"12":5,"13":5,"14":5,"15":5,"16":5,"17":5,"18":5,"19":4,"20":5,"21":43,"22":1,"23":43,"24":43,"25":43,"26":5},"f":{"0":4,"1":43},"b":{"0":[1,42],"1":[43,3]},"_coverageSchema":"1a1c01bbd47fc00a2c39e90264f33305004495a9","hash":"16e653b69ab752f6501f43ebccfa64ce804e76de"}
,"/home/booshja/Coding/Springboard/springboard-exercises-pt2/Node/37-Jobly/config.js": {"path":"/home/booshja/Coding/Springboard/springboard-exercises-pt2/Node/37-Jobly/config.js","statementMap":{"0":{"start":{"line":5,"column":0},"end":{"line":5,"column":27}},"1":{"start":{"line":6,"column":0},"end":{"line":6,"column":18}},"2":{"start":{"line":8,"column":19},"end":{"line":8,"column":57}},"3":{"start":{"line":10,"column":13},"end":{"line":10,"column":38}},"4":{"start":{"line":14,"column":4},"end":{"line":16,"column":46}},"5":{"start":{"line":22,"column":27},"end":{"line":22,"column":67}},"6":{"start":{"line":24,"column":0},"end":{"line":24,"column":35}},"7":{"start":{"line":25,"column":0},"end":{"line":25,"column":46}},"8":{"start":{"line":26,"column":0},"end":{"line":26,"column":45}},"9":{"start":{"line":27,"column":0},"end":{"line":27,"column":62}},"10":{"start":{"line":28,"column":0},"end":{"line":28,"column":50}},"11":{"start":{"line":29,"column":0},"end":{"line":29,"column":19}},"12":{"start":{"line":31,"column":0},"end":{"line":36,"column":2}}},"fnMap":{"0":{"name":"getDatabaseUri","decl":{"start":{"line":13,"column":9},"end":{"line":13,"column":23}},"loc":{"start":{"line":13,"column":26},"end":{"line":17,"column":1}},"line":13}},"branchMap":{"0":{"loc":{"start":{"line":8,"column":19},"end":{"line":8,"column":57}},"type":"binary-expr","locations":[{"start":{"line":8,"column":19},"end":{"line":8,"column":41}},{"start":{"line":8,"column":45},"end":{"line":8,"column":57}}],"line":8},"1":{"loc":{"start":{"line":10,"column":13},"end":{"line":10,"column":38}},"type":"binary-expr","locations":[{"start":{"line":10,"column":13},"end":{"line":10,"column":30}},{"start":{"line":10,"column":34},"end":{"line":10,"column":38}}],"line":10},"2":{"loc":{"start":{"line":14,"column":11},"end":{"line":16,"column":45}},"type":"cond-expr","locations":[{"start":{"line":15,"column":10},"end":{"line":15,"column":22}},{"start":{"line":16,"column":10},"end":{"line":16,"column":45}}],"line":14},"3":{"loc":{"start":{"line":16,"column":10},"end":{"line":16,"column":45}},"type":"binary-expr","locations":[{"start":{"line":16,"column":10},"end":{"line":16,"column":34}},{"start":{"line":16,"column":38},"end":{"line":16,"column":45}}],"line":16},"4":{"loc":{"start":{"line":22,"column":27},"end":{"line":22,"column":67}},"type":"cond-expr","locations":[{"start":{"line":22,"column":61},"end":{"line":22,"column":62}},{"start":{"line":22,"column":65},"end":{"line":22,"column":67}}],"line":22}},"s":{"0":11,"1":11,"2":11,"3":11,"4":22,"5":11,"6":11,"7":11,"8":11,"9":11,"10":11,"11":11,"12":11},"f":{"0":22},"b":{"0":[11,10],"1":[11,0],"2":[19,3],"3":[3,1],"4":[10,1]},"_coverageSchema":"1a1c01bbd47fc00a2c39e90264f33305004495a9","hash":"2ad763c9a68f50b6c2a6e1701ede16c7177204a5"}
,"/home/booshja/Coding/Springboard/springboard-exercises-pt2/Node/37-Jobly/db.js": {"path":"/home/booshja/Coding/Springboard/springboard-exercises-pt2/Node/37-Jobly/db.js","statementMap":{"0":{"start":{"line":3,"column":19},"end":{"line":3,"column":32}},"1":{"start":{"line":4,"column":27},"end":{"line":4,"column":46}},"2":{"start":{"line":8,"column":0},"end":{"line":19,"column":1}},"3":{"start":{"line":9,"column":2},"end":{"line":14,"column":5}},"4":{"start":{"line":16,"column":2},"end":{"line":18,"column":5}},"5":{"start":{"line":21,"column":0},"end":{"line":21,"column":13}},"6":{"start":{"line":23,"column":0},"end":{"line":23,"column":20}}},"fnMap":{},"branchMap":{"0":{"loc":{"start":{"line":8,"column":0},"end":{"line":19,"column":1}},"type":"if","locations":[{"start":{"line":8,"column":0},"end":{"line":19,"column":1}},{"start":{"line":8,"column":0},"end":{"line":19,"column":1}}],"line":8}},"s":{"0":8,"1":8,"2":8,"3":0,"4":8,"5":8,"6":8},"f":{},"b":{"0":[0,8]},"_coverageSchema":"1a1c01bbd47fc00a2c39e90264f33305004495a9","hash":"870b2d5dcd31fcfd95ce81ba84e48f5ca3ea6cae"}
,"/home/booshja/Coding/Springboard/springboard-exercises-pt2/Node/37-Jobly/expressError.js": {"path":"/home/booshja/Coding/Springboard/springboard-exercises-pt2/Node/37-Jobly/expressError.js","statementMap":{"0":{"start":{"line":9,"column":4},"end":{"line":9,"column":12}},"1":{"start":{"line":10,"column":4},"end":{"line":10,"column":27}},"2":{"start":{"line":11,"column":4},"end":{"line":11,"column":25}},"3":{"start":{"line":19,"column":4},"end":{"line":19,"column":24}},"4":{"start":{"line":27,"column":4},"end":{"line":27,"column":24}},"5":{"start":{"line":35,"column":4},"end":{"line":35,"column":24}},"6":{"start":{"line":43,"column":4},"end":{"line":43,"column":24}},"7":{"start":{"line":47,"column":0},"end":{"line":53,"column":2}}},"fnMap":{"0":{"name":"(anonymous_0)","decl":{"start":{"line":8,"column":2},"end":{"line":8,"column":3}},"loc":{"start":{"line":8,"column":31},"end":{"line":12,"column":3}},"line":8},"1":{"name":"(anonymous_1)","decl":{"start":{"line":18,"column":2},"end":{"line":18,"column":3}},"loc":{"start":{"line":18,"column":37},"end":{"line":20,"column":3}},"line":18},"2":{"name":"(anonymous_2)","decl":{"start":{"line":26,"column":2},"end":{"line":26,"column":3}},"loc":{"start":{"line":26,"column":40},"end":{"line":28,"column":3}},"line":26},"3":{"name":"(anonymous_3)","decl":{"start":{"line":34,"column":2},"end":{"line":34,"column":3}},"loc":{"start":{"line":34,"column":39},"end":{"line":36,"column":3}},"line":34},"4":{"name":"(anonymous_4)","decl":{"start":{"line":42,"column":2},"end":{"line":42,"column":3}},"loc":{"start":{"line":42,"column":39},"end":{"line":44,"column":3}},"line":42}},"branchMap":{"0":{"loc":{"start":{"line":18,"column":14},"end":{"line":18,"column":35}},"type":"default-arg","locations":[{"start":{"line":18,"column":24},"end":{"line":18,"column":35}}],"line":18},"1":{"loc":{"start":{"line":26,"column":14},"end":{"line":26,"column":38}},"type":"default-arg","locations":[{"start":{"line":26,"column":24},"end":{"line":26,"column":38}}],"line":26},"2":{"loc":{"start":{"line":34,"column":14},"end":{"line":34,"column":37}},"type":"default-arg","locations":[{"start":{"line":34,"column":24},"end":{"line":34,"column":37}}],"line":34},"3":{"loc":{"start":{"line":42,"column":14},"end":{"line":42,"column":37}},"type":"default-arg","locations":[{"start":{"line":42,"column":24},"end":{"line":42,"column":37}}],"line":42}},"s":{"0":65,"1":65,"2":65,"3":22,"4":19,"5":24,"6":0,"7":10},"f":{"0":65,"1":22,"2":19,"3":24,"4":0},"b":{"0":[4],"1":[15],"2":[0],"3":[0]},"_coverageSchema":"1a1c01bbd47fc00a2c39e90264f33305004495a9","hash":"af4d63b5c6461c8b1adfcada36cb83708841800e"}
,"/home/booshja/Coding/Springboard/springboard-exercises-pt2/Node/37-Jobly/helpers/sql.js": {"path":"/home/booshja/Coding/Springboard/springboard-exercises-pt2/Node/37-Jobly/helpers/sql.js","statementMap":{"0":{"start":{"line":1,"column":28},"end":{"line":1,"column":54}},"1":{"start":{"line":5,"column":17},"end":{"line":5,"column":42}},"2":{"start":{"line":7,"column":4},"end":{"line":7,"column":64}},"3":{"start":{"line":7,"column":27},"end":{"line":7,"column":64}},"4":{"start":{"line":11,"column":17},"end":{"line":13,"column":5}},"5":{"start":{"line":12,"column":26},"end":{"line":12,"column":72}},"6":{"start":{"line":16,"column":4},"end":{"line":19,"column":6}},"7":{"start":{"line":22,"column":0},"end":{"line":22,"column":41}}},"fnMap":{"0":{"name":"sqlForPartialUpdate","decl":{"start":{"line":3,"column":9},"end":{"line":3,"column":28}},"loc":{"start":{"line":3,"column":52},"end":{"line":20,"column":1}},"line":3},"1":{"name":"(anonymous_1)","decl":{"start":{"line":12,"column":8},"end":{"line":12,"column":9}},"loc":{"start":{"line":12,"column":26},"end":{"line":12,"column":72}},"line":12}},"branchMap":{"0":{"loc":{"start":{"line":7,"column":4},"end":{"line":7,"column":64}},"type":"if","locations":[{"start":{"line":7,"column":4},"end":{"line":7,"column":64}},{"start":{"line":7,"column":4},"end":{"line":7,"column":64}}],"line":7},"1":{"loc":{"start":{"line":12,"column":30},"end":{"line":12,"column":57}},"type":"binary-expr","locations":[{"start":{"line":12,"column":30},"end":{"line":12,"column":46}},{"start":{"line":12,"column":50},"end":{"line":12,"column":57}}],"line":12}},"s":{"0":9,"1":20,"2":20,"3":4,"4":16,"5":32,"6":16,"7":9},"f":{"0":20,"1":32},"b":{"0":[4,16],"1":[32,19]},"_coverageSchema":"1a1c01bbd47fc00a2c39e90264f33305004495a9","hash":"4cd9ca31914082b5262aad10509c9a3ffd1e798a"}
,"/home/booshja/Coding/Springboard/springboard-exercises-pt2/Node/37-Jobly/helpers/tokens.js": {"path":"/home/booshja/Coding/Springboard/springboard-exercises-pt2/Node/37-Jobly/helpers/tokens.js","statementMap":{"0":{"start":{"line":1,"column":12},"end":{"line":1,"column":35}},"1":{"start":{"line":2,"column":23},"end":{"line":2,"column":43}},"2":{"start":{"line":7,"column":2},"end":{"line":8,"column":58}},"3":{"start":{"line":10,"column":16},"end":{"line":13,"column":3}},"4":{"start":{"line":15,"column":2},"end":{"line":15,"column":39}},"5":{"start":{"line":18,"column":0},"end":{"line":18,"column":33}}},"fnMap":{"0":{"name":"createToken","decl":{"start":{"line":6,"column":9},"end":{"line":6,"column":20}},"loc":{"start":{"line":6,"column":27},"end":{"line":16,"column":1}},"line":6}},"branchMap":{"0":{"loc":{"start":{"line":12,"column":13},"end":{"line":12,"column":34}},"type":"binary-expr","locations":[{"start":{"line":12,"column":13},"end":{"line":12,"column":25}},{"start":{"line":12,"column":29},"end":{"line":12,"column":34}}],"line":12}},"s":{"0":6,"1":6,"2":15,"3":15,"4":15,"5":6},"f":{"0":15},"b":{"0":[15,9]},"_coverageSchema":"1a1c01bbd47fc00a2c39e90264f33305004495a9","hash":"6a7c141123c0219990af0936cd7419b14ccda087"}
,"/home/booshja/Coding/Springboard/springboard-exercises-pt2/Node/37-Jobly/middleware/auth.js": {"path":"/home/booshja/Coding/Springboard/springboard-exercises-pt2/Node/37-Jobly/middleware/auth.js","statementMap":{"0":{"start":{"line":5,"column":12},"end":{"line":5,"column":35}},"1":{"start":{"line":6,"column":23},"end":{"line":6,"column":43}},"2":{"start":{"line":7,"column":30},"end":{"line":7,"column":56}},"3":{"start":{"line":18,"column":4},"end":{"line":27,"column":5}},"4":{"start":{"line":19,"column":27},"end":{"line":19,"column":67}},"5":{"start":{"line":20,"column":8},"end":{"line":23,"column":9}},"6":{"start":{"line":21,"column":26},"end":{"line":21,"column":70}},"7":{"start":{"line":22,"column":12},"end":{"line":22,"column":60}},"8":{"start":{"line":24,"column":8},"end":{"line":24,"column":22}},"9":{"start":{"line":26,"column":8},"end":{"line":26,"column":22}},"10":{"start":{"line":36,"column":4},"end":{"line":41,"column":5}},"11":{"start":{"line":37,"column":8},"end":{"line":37,"column":60}},"12":{"start":{"line":37,"column":30},"end":{"line":37,"column":60}},"13":{"start":{"line":38,"column":8},"end":{"line":38,"column":22}},"14":{"start":{"line":40,"column":8},"end":{"line":40,"column":25}},"15":{"start":{"line":50,"column":4},"end":{"line":57,"column":5}},"16":{"start":{"line":51,"column":8},"end":{"line":53,"column":9}},"17":{"start":{"line":52,"column":12},"end":{"line":52,"column":42}},"18":{"start":{"line":54,"column":8},"end":{"line":54,"column":22}},"19":{"start":{"line":56,"column":8},"end":{"line":56,"column":25}},"20":{"start":{"line":66,"column":4},"end":{"line":76,"column":5}},"21":{"start":{"line":67,"column":21},"end":{"line":67,"column":36}},"22":{"start":{"line":68,"column":8},"end":{"line":72,"column":9}},"23":{"start":{"line":71,"column":12},"end":{"line":71,"column":42}},"24":{"start":{"line":73,"column":8},"end":{"line":73,"column":22}},"25":{"start":{"line":75,"column":8},"end":{"line":75,"column":25}},"26":{"start":{"line":79,"column":0},"end":{"line":84,"column":2}}},"fnMap":{"0":{"name":"authenticateJWT","decl":{"start":{"line":17,"column":9},"end":{"line":17,"column":24}},"loc":{"start":{"line":17,"column":41},"end":{"line":28,"column":1}},"line":17},"1":{"name":"ensureLoggedIn","decl":{"start":{"line":35,"column":9},"end":{"line":35,"column":23}},"loc":{"start":{"line":35,"column":40},"end":{"line":42,"column":1}},"line":35},"2":{"name":"ensureAdmin","decl":{"start":{"line":49,"column":9},"end":{"line":49,"column":20}},"loc":{"start":{"line":49,"column":37},"end":{"line":58,"column":1}},"line":49},"3":{"name":"ensureAdminOrCurrUser","decl":{"start":{"line":65,"column":9},"end":{"line":65,"column":30}},"loc":{"start":{"line":65,"column":47},"end":{"line":77,"column":1}},"line":65}},"branchMap":{"0":{"loc":{"start":{"line":19,"column":27},"end":{"line":19,"column":67}},"type":"binary-expr","locations":[{"start":{"line":19,"column":27},"end":{"line":19,"column":38}},{"start":{"line":19,"column":42},"end":{"line":19,"column":67}}],"line":19},"1":{"loc":{"start":{"line":20,"column":8},"end":{"line":23,"column":9}},"type":"if","locations":[{"start":{"line":20,"column":8},"end":{"line":23,"column":9}},{"start":{"line":20,"column":8},"end":{"line":23,"column":9}}],"line":20},"2":{"loc":{"start":{"line":37,"column":8},"end":{"line":37,"column":60}},"type":"if","locations":[{"start":{"line":37,"column":8},"end":{"line":37,"column":60}},{"start":{"line":37,"column":8},"end":{"line":37,"column":60}}],"line":37},"3":{"loc":{"start":{"line":51,"column":8},"end":{"line":53,"column":9}},"type":"if","locations":[{"start":{"line":51,"column":8},"end":{"line":53,"column":9}},{"start":{"line":51,"column":8},"end":{"line":53,"column":9}}],"line":51},"4":{"loc":{"start":{"line":51,"column":12},"end":{"line":51,"column":56}},"type":"binary-expr","locations":[{"start":{"line":51,"column":12},"end":{"line":51,"column":28}},{"start":{"line":51,"column":32},"end":{"line":51,"column":56}}],"line":51},"5":{"loc":{"start":{"line":68,"column":8},"end":{"line":72,"column":9}},"type":"if","locations":[{"start":{"line":68,"column":8},"end":{"line":72,"column":9}},{"start":{"line":68,"column":8},"end":{"line":72,"column":9}}],"line":68},"6":{"loc":{"start":{"line":69,"column":14},"end":{"line":69,"column":77}},"type":"binary-expr","locations":[{"start":{"line":69,"column":14},"end":{"line":69,"column":18}},{"start":{"line":69,"column":23},"end":{"line":69,"column":60}},{"start":{"line":69,"column":64},"end":{"line":69,"column":76}}],"line":69}},"s":{"0":6,"1":6,"2":6,"3":66,"4":66,"5":66,"6":35,"7":35,"8":65,"9":1,"10":2,"11":2,"12":1,"13":1,"14":1,"15":34,"16":34,"17":9,"18":25,"19":9,"20":15,"21":15,"22":15,"23":5,"24":10,"25":5,"26":6},"f":{"0":66,"1":2,"2":34,"3":15},"b":{"0":[66,65],"1":[35,31],"2":[1,1],"3":[9,25],"4":[34,26],"5":[5,10],"6":[15,11,10]},"_coverageSchema":"1a1c01bbd47fc00a2c39e90264f33305004495a9","hash":"894d2d1f06e2b6d0f30f68e00455ee700864def4"}
,"/home/booshja/Coding/Springboard/springboard-exercises-pt2/Node/37-Jobly/models/_testCommon.js": {"path":"/home/booshja/Coding/Springboard/springboard-exercises-pt2/Node/37-Jobly/models/_testCommon.js","statementMap":{"0":{"start":{"line":1,"column":15},"end":{"line":1,"column":32}},"1":{"start":{"line":3,"column":11},"end":{"line":3,"column":30}},"2":{"start":{"line":4,"column":31},"end":{"line":4,"column":51}},"3":{"start":{"line":6,"column":14},"end":{"line":6,"column":16}},"4":{"start":{"line":10,"column":4},"end":{"line":10,"column":47}},"5":{"start":{"line":12,"column":4},"end":{"line":12,"column":39}},"6":{"start":{"line":14,"column":4},"end":{"line":14,"column":44}},"7":{"start":{"line":16,"column":4},"end":{"line":16,"column":40}},"8":{"start":{"line":18,"column":4},"end":{"line":22,"column":56}},"9":{"start":{"line":24,"column":24},"end":{"line":30,"column":18}},"10":{"start":{"line":32,"column":4},"end":{"line":32,"column":63}},"11":{"start":{"line":32,"column":56},"end":{"line":32,"column":60}},"12":{"start":{"line":34,"column":4},"end":{"line":48,"column":6}},"13":{"start":{"line":50,"column":4},"end":{"line":55,"column":6}},"14":{"start":{"line":59,"column":4},"end":{"line":59,"column":28}},"15":{"start":{"line":63,"column":4},"end":{"line":63,"column":31}},"16":{"start":{"line":67,"column":4},"end":{"line":67,"column":19}},"17":{"start":{"line":70,"column":0},"end":{"line":76,"column":2}}},"fnMap":{"0":{"name":"commonBeforeAll","decl":{"start":{"line":8,"column":15},"end":{"line":8,"column":30}},"loc":{"start":{"line":8,"column":33},"end":{"line":56,"column":1}},"line":8},"1":{"name":"(anonymous_1)","decl":{"start":{"line":32,"column":49},"end":{"line":32,"column":50}},"loc":{"start":{"line":32,"column":56},"end":{"line":32,"column":60}},"line":32},"2":{"name":"commonBeforeEach","decl":{"start":{"line":58,"column":15},"end":{"line":58,"column":31}},"loc":{"start":{"line":58,"column":34},"end":{"line":60,"column":1}},"line":58},"3":{"name":"commonAfterEach","decl":{"start":{"line":62,"column":15},"end":{"line":62,"column":30}},"loc":{"start":{"line":62,"column":33},"end":{"line":64,"column":1}},"line":62},"4":{"name":"commonAfterAll","decl":{"start":{"line":66,"column":15},"end":{"line":66,"column":29}},"loc":{"start":{"line":66,"column":32},"end":{"line":68,"column":1}},"line":66}},"branchMap":{},"s":{"0":3,"1":3,"2":3,"3":3,"4":3,"5":3,"6":3,"7":3,"8":3,"9":3,"10":3,"11":12,"12":3,"13":3,"14":50,"15":50,"16":3,"17":3},"f":{"0":3,"1":12,"2":50,"3":50,"4":3},"b":{},"_coverageSchema":"1a1c01bbd47fc00a2c39e90264f33305004495a9","hash":"7308424a98537ae2e36cdac0d13936a5d377b3c2"}
,"/home/booshja/Coding/Springboard/springboard-exercises-pt2/Node/37-Jobly/models/company.js": {"path":"/home/booshja/Coding/Springboard/springboard-exercises-pt2/Node/37-Jobly/models/company.js","statementMap":{"0":{"start":{"line":3,"column":11},"end":{"line":3,"column":27}},"1":{"start":{"line":4,"column":43},"end":{"line":4,"column":69}},"2":{"start":{"line":5,"column":32},"end":{"line":5,"column":57}},"3":{"start":{"line":20,"column":31},"end":{"line":25,"column":9}},"4":{"start":{"line":27,"column":8},"end":{"line":28,"column":70}},"5":{"start":{"line":28,"column":12},"end":{"line":28,"column":70}},"6":{"start":{"line":30,"column":23},"end":{"line":36,"column":9}},"7":{"start":{"line":37,"column":24},"end":{"line":37,"column":38}},"8":{"start":{"line":39,"column":8},"end":{"line":39,"column":23}},"9":{"start":{"line":48,"column":29},"end":{"line":56,"column":9}},"10":{"start":{"line":57,"column":8},"end":{"line":57,"column":33}},"11":{"start":{"line":66,"column":21},"end":{"line":66,"column":23}},"12":{"start":{"line":67,"column":21},"end":{"line":67,"column":23}},"13":{"start":{"line":68,"column":18},"end":{"line":68,"column":19}},"14":{"start":{"line":71,"column":8},"end":{"line":75,"column":9}},"15":{"start":{"line":72,"column":12},"end":{"line":72,"column":46}},"16":{"start":{"line":73,"column":12},"end":{"line":73,"column":49}},"17":{"start":{"line":74,"column":12},"end":{"line":74,"column":21}},"18":{"start":{"line":78,"column":8},"end":{"line":92,"column":9}},"19":{"start":{"line":79,"column":12},"end":{"line":82,"column":18}},"20":{"start":{"line":80,"column":16},"end":{"line":82,"column":18}},"21":{"start":{"line":84,"column":12},"end":{"line":84,"column":73}},"22":{"start":{"line":85,"column":12},"end":{"line":85,"column":68}},"23":{"start":{"line":86,"column":15},"end":{"line":92,"column":9}},"24":{"start":{"line":87,"column":12},"end":{"line":87,"column":52}},"25":{"start":{"line":88,"column":12},"end":{"line":88,"column":46}},"26":{"start":{"line":89,"column":15},"end":{"line":92,"column":9}},"27":{"start":{"line":90,"column":12},"end":{"line":90,"column":52}},"28":{"start":{"line":91,"column":12},"end":{"line":91,"column":46}},"29":{"start":{"line":95,"column":26},"end":{"line":95,"column":46}},"30":{"start":{"line":98,"column":29},"end":{"line":107,"column":9}},"31":{"start":{"line":108,"column":8},"end":{"line":108,"column":33}},"32":{"start":{"line":120,"column":27},"end":{"line":129,"column":9}},"33":{"start":{"line":131,"column":24},"end":{"line":131,"column":42}},"34":{"start":{"line":133,"column":8},"end":{"line":133,"column":71}},"35":{"start":{"line":133,"column":22},"end":{"line":133,"column":71}},"36":{"start":{"line":135,"column":24},"end":{"line":143,"column":9}},"37":{"start":{"line":145,"column":32},"end":{"line":152,"column":9}},"38":{"start":{"line":154,"column":8},"end":{"line":154,"column":31}},"39":{"start":{"line":170,"column":36},"end":{"line":173,"column":10}},"40":{"start":{"line":174,"column":29},"end":{"line":174,"column":54}},"41":{"start":{"line":176,"column":25},"end":{"line":183,"column":54}},"42":{"start":{"line":184,"column":23},"end":{"line":184,"column":68}},"43":{"start":{"line":185,"column":24},"end":{"line":185,"column":38}},"44":{"start":{"line":187,"column":8},"end":{"line":187,"column":71}},"45":{"start":{"line":187,"column":22},"end":{"line":187,"column":71}},"46":{"start":{"line":189,"column":8},"end":{"line":189,"column":23}},"47":{"start":{"line":198,"column":23},"end":{"line":204,"column":9}},"48":{"start":{"line":205,"column":24},"end":{"line":205,"column":38}},"49":{"start":{"line":207,"column":8},"end":{"line":207,"column":71}},"50":{"start":{"line":207,"column":22},"end":{"line":207,"column":71}},"51":{"start":{"line":211,"column":0},"end":{"line":211,"column":25}}},"fnMap":{"0":{"name":"(anonymous_0)","decl":{"start":{"line":19,"column":4},"end":{"line":19,"column":5}},"loc":{"start":{"line":19,"column":78},"end":{"line":40,"column":5}},"line":19},"1":{"name":"(anonymous_1)","decl":{"start":{"line":47,"column":4},"end":{"line":47,"column":5}},"loc":{"start":{"line":47,"column":27},"end":{"line":58,"column":5}},"line":47},"2":{"name":"(anonymous_2)","decl":{"start":{"line":65,"column":4},"end":{"line":65,"column":5}},"loc":{"start":{"line":65,"column":36},"end":{"line":109,"column":5}},"line":65},"3":{"name":"(anonymous_3)","decl":{"start":{"line":119,"column":4},"end":{"line":119,"column":5}},"loc":{"start":{"line":119,"column":29},"end":{"line":155,"column":5}},"line":119},"4":{"name":"(anonymous_4)","decl":{"start":{"line":169,"column":4},"end":{"line":169,"column":5}},"loc":{"start":{"line":169,"column":38},"end":{"line":190,"column":5}},"line":169},"5":{"name":"(anonymous_5)","decl":{"start":{"line":197,"column":4},"end":{"line":197,"column":5}},"loc":{"start":{"line":197,"column":32},"end":{"line":208,"column":5}},"line":197}},"branchMap":{"0":{"loc":{"start":{"line":27,"column":8},"end":{"line":28,"column":70}},"type":"if","locations":[{"start":{"line":27,"column":8},"end":{"line":28,"column":70}},{"start":{"line":27,"column":8},"end":{"line":28,"column":70}}],"line":27},"1":{"loc":{"start":{"line":71,"column":8},"end":{"line":75,"column":9}},"type":"if","locations":[{"start":{"line":71,"column":8},"end":{"line":75,"column":9}},{"start":{"line":71,"column":8},"end":{"line":75,"column":9}}],"line":71},"2":{"loc":{"start":{"line":78,"column":8},"end":{"line":92,"column":9}},"type":"if","locations":[{"start":{"line":78,"column":8},"end":{"line":92,"column":9}},{"start":{"line":78,"column":8},"end":{"line":92,"column":9}}],"line":78},"3":{"loc":{"start":{"line":78,"column":12},"end":{"line":78,"column":54}},"type":"binary-expr","locations":[{"start":{"line":78,"column":12},"end":{"line":78,"column":31}},{"start":{"line":78,"column":35},"end":{"line":78,"column":54}}],"line":78},"4":{"loc":{"start":{"line":79,"column":12},"end":{"line":82,"column":18}},"type":"if","locations":[{"start":{"line":79,"column":12},"end":{"line":82,"column":18}},{"start":{"line":79,"column":12},"end":{"line":82,"column":18}}],"line":79},"5":{"loc":{"start":{"line":86,"column":15},"end":{"line":92,"column":9}},"type":"if","locations":[{"start":{"line":86,"column":15},"end":{"line":92,"column":9}},{"start":{"line":86,"column":15},"end":{"line":92,"column":9}}],"line":86},"6":{"loc":{"start":{"line":86,"column":19},"end":{"line":86,"column":62}},"type":"binary-expr","locations":[{"start":{"line":86,"column":19},"end":{"line":86,"column":38}},{"start":{"line":86,"column":42},"end":{"line":86,"column":62}}],"line":86},"7":{"loc":{"start":{"line":89,"column":15},"end":{"line":92,"column":9}},"type":"if","locations":[{"start":{"line":89,"column":15},"end":{"line":92,"column":9}},{"start":{"line":89,"column":15},"end":{"line":92,"column":9}}],"line":89},"8":{"loc":{"start":{"line":89,"column":19},"end":{"line":89,"column":62}},"type":"binary-expr","locations":[{"start":{"line":89,"column":19},"end":{"line":89,"column":38}},{"start":{"line":89,"column":42},"end":{"line":89,"column":62}}],"line":89},"9":{"loc":{"start":{"line":133,"column":8},"end":{"line":133,"column":71}},"type":"if","locations":[{"start":{"line":133,"column":8},"end":{"line":133,"column":71}},{"start":{"line":133,"column":8},"end":{"line":133,"column":71}}],"line":133},"10":{"loc":{"start":{"line":187,"column":8},"end":{"line":187,"column":71}},"type":"if","locations":[{"start":{"line":187,"column":8},"end":{"line":187,"column":71}},{"start":{"line":187,"column":8},"end":{"line":187,"column":71}}],"line":187},"11":{"loc":{"start":{"line":207,"column":8},"end":{"line":207,"column":71}},"type":"if","locations":[{"start":{"line":207,"column":8},"end":{"line":207,"column":71}},{"start":{"line":207,"column":8},"end":{"line":207,"column":71}}],"line":207}},"s":{"0":6,"1":6,"2":6,"3":16,"4":16,"5":1,"6":15,"7":15,"8":15,"9":3,"10":2,"11":8,"12":8,"13":8,"14":8,"15":4,"16":4,"17":4,"18":8,"19":2,"20":1,"21":1,"22":1,"23":6,"24":2,"25":2,"26":4,"27":2,"28":2,"29":7,"30":7,"31":7,"32":5,"33":5,"34":5,"35":2,"36":3,"37":3,"38":3,"39":6,"40":5,"41":5,"42":5,"43":5,"44":5,"45":2,"46":3,"47":4,"48":4,"49":4,"50":2,"51":6},"f":{"0":16,"1":3,"2":8,"3":5,"4":6,"5":4},"b":{"0":[1,15],"1":[4,4],"2":[2,6],"3":[8,4],"4":[1,1],"5":[2,4],"6":[6,2],"7":[2,2],"8":[4,2],"9":[2,3],"10":[2,3],"11":[2,2]},"_coverageSchema":"1a1c01bbd47fc00a2c39e90264f33305004495a9","hash":"0b4f3e5f9cf57660a08aacca864a20e480f73312"}
,"/home/booshja/Coding/Springboard/springboard-exercises-pt2/Node/37-Jobly/models/job.js": {"path":"/home/booshja/Coding/Springboard/springboard-exercises-pt2/Node/37-Jobly/models/job.js","statementMap":{"0":{"start":{"line":3,"column":11},"end":{"line":3,"column":27}},"1":{"start":{"line":4,"column":26},"end":{"line":4,"column":52}},"2":{"start":{"line":5,"column":32},"end":{"line":5,"column":57}},"3":{"start":{"line":20,"column":23},"end":{"line":28,"column":9}},"4":{"start":{"line":29,"column":20},"end":{"line":29,"column":34}},"5":{"start":{"line":31,"column":8},"end":{"line":31,"column":19}},"6":{"start":{"line":40,"column":24},"end":{"line":48,"column":9}},"7":{"start":{"line":49,"column":8},"end":{"line":49,"column":28}},"8":{"start":{"line":58,"column":21},"end":{"line":58,"column":23}},"9":{"start":{"line":59,"column":21},"end":{"line":59,"column":23}},"10":{"start":{"line":60,"column":18},"end":{"line":60,"column":19}},"11":{"start":{"line":63,"column":8},"end":{"line":67,"column":9}},"12":{"start":{"line":64,"column":12},"end":{"line":64,"column":47}},"13":{"start":{"line":65,"column":12},"end":{"line":65,"column":50}},"14":{"start":{"line":66,"column":12},"end":{"line":66,"column":21}},"15":{"start":{"line":70,"column":8},"end":{"line":74,"column":9}},"16":{"start":{"line":71,"column":12},"end":{"line":71,"column":45}},"17":{"start":{"line":72,"column":12},"end":{"line":72,"column":43}},"18":{"start":{"line":73,"column":12},"end":{"line":73,"column":21}},"19":{"start":{"line":77,"column":8},"end":{"line":79,"column":9}},"20":{"start":{"line":78,"column":12},"end":{"line":78,"column":40}},"21":{"start":{"line":82,"column":26},"end":{"line":82,"column":46}},"22":{"start":{"line":85,"column":24},"end":{"line":94,"column":9}},"23":{"start":{"line":95,"column":8},"end":{"line":95,"column":28}},"24":{"start":{"line":106,"column":23},"end":{"line":115,"column":9}},"25":{"start":{"line":117,"column":20},"end":{"line":117,"column":34}},"26":{"start":{"line":119,"column":8},"end":{"line":119,"column":59}},"27":{"start":{"line":119,"column":18},"end":{"line":119,"column":59}},"28":{"start":{"line":121,"column":8},"end":{"line":121,"column":19}},"29":{"start":{"line":136,"column":36},"end":{"line":138,"column":10}},"30":{"start":{"line":139,"column":25},"end":{"line":139,"column":50}},"31":{"start":{"line":141,"column":25},"end":{"line":148,"column":66}},"32":{"start":{"line":149,"column":23},"end":{"line":149,"column":64}},"33":{"start":{"line":150,"column":20},"end":{"line":150,"column":34}},"34":{"start":{"line":152,"column":8},"end":{"line":152,"column":59}},"35":{"start":{"line":152,"column":18},"end":{"line":152,"column":59}},"36":{"start":{"line":154,"column":8},"end":{"line":154,"column":19}},"37":{"start":{"line":163,"column":23},"end":{"line":168,"column":9}},"38":{"start":{"line":169,"column":20},"end":{"line":169,"column":34}},"39":{"start":{"line":171,"column":8},"end":{"line":171,"column":59}},"40":{"start":{"line":171,"column":18},"end":{"line":171,"column":59}},"41":{"start":{"line":175,"column":0},"end":{"line":175,"column":21}}},"fnMap":{"0":{"name":"(anonymous_0)","decl":{"start":{"line":19,"column":4},"end":{"line":19,"column":5}},"loc":{"start":{"line":19,"column":30},"end":{"line":32,"column":5}},"line":19},"1":{"name":"(anonymous_1)","decl":{"start":{"line":39,"column":4},"end":{"line":39,"column":5}},"loc":{"start":{"line":39,"column":27},"end":{"line":50,"column":5}},"line":39},"2":{"name":"(anonymous_2)","decl":{"start":{"line":57,"column":4},"end":{"line":57,"column":5}},"loc":{"start":{"line":57,"column":36},"end":{"line":96,"column":5}},"line":57},"3":{"name":"(anonymous_3)","decl":{"start":{"line":105,"column":4},"end":{"line":105,"column":5}},"loc":{"start":{"line":105,"column":25},"end":{"line":122,"column":5}},"line":105},"4":{"name":"(anonymous_4)","decl":{"start":{"line":135,"column":4},"end":{"line":135,"column":5}},"loc":{"start":{"line":135,"column":34},"end":{"line":155,"column":5}},"line":135},"5":{"name":"(anonymous_5)","decl":{"start":{"line":162,"column":4},"end":{"line":162,"column":5}},"loc":{"start":{"line":162,"column":28},"end":{"line":172,"column":5}},"line":162}},"branchMap":{"0":{"loc":{"start":{"line":63,"column":8},"end":{"line":67,"column":9}},"type":"if","locations":[{"start":{"line":63,"column":8},"end":{"line":67,"column":9}},{"start":{"line":63,"column":8},"end":{"line":67,"column":9}}],"line":63},"1":{"loc":{"start":{"line":70,"column":8},"end":{"line":74,"column":9}},"type":"if","locations":[{"start":{"line":70,"column":8},"end":{"line":74,"column":9}},{"start":{"line":70,"column":8},"end":{"line":74,"column":9}}],"line":70},"2":{"loc":{"start":{"line":77,"column":8},"end":{"line":79,"column":9}},"type":"if","locations":[{"start":{"line":77,"column":8},"end":{"line":79,"column":9}},{"start":{"line":77,"column":8},"end":{"line":79,"column":9}}],"line":77},"3":{"loc":{"start":{"line":119,"column":8},"end":{"line":119,"column":59}},"type":"if","locations":[{"start":{"line":119,"column":8},"end":{"line":119,"column":59}},{"start":{"line":119,"column":8},"end":{"line":119,"column":59}}],"line":119},"4":{"loc":{"start":{"line":152,"column":8},"end":{"line":152,"column":59}},"type":"if","locations":[{"start":{"line":152,"column":8},"end":{"line":152,"column":59}},{"start":{"line":152,"column":8},"end":{"line":152,"column":59}}],"line":152},"5":{"loc":{"start":{"line":171,"column":8},"end":{"line":171,"column":59}},"type":"if","locations":[{"start":{"line":171,"column":8},"end":{"line":171,"column":59}},{"start":{"line":171,"column":8},"end":{"line":171,"column":59}}],"line":171}},"s":{"0":6,"1":6,"2":6,"3":14,"4":14,"5":14,"6":3,"7":2,"8":4,"9":4,"10":4,"11":4,"12":2,"13":2,"14":2,"15":4,"16":1,"17":1,"18":1,"19":4,"20":1,"21":4,"22":4,"23":4,"24":4,"25":4,"26":4,"27":2,"28":2,"29":5,"30":4,"31":4,"32":4,"33":4,"34":4,"35":2,"36":2,"37":4,"38":4,"39":4,"40":2,"41":6},"f":{"0":14,"1":3,"2":4,"3":4,"4":5,"5":4},"b":{"0":[2,2],"1":[1,3],"2":[1,3],"3":[2,2],"4":[2,2],"5":[2,2]},"_coverageSchema":"1a1c01bbd47fc00a2c39e90264f33305004495a9","hash":"bd8428805de340688259854e169f00888a4378de"}
,"/home/booshja/Coding/Springboard/springboard-exercises-pt2/Node/37-Jobly/models/user.js": {"path":"/home/booshja/Coding/Springboard/springboard-exercises-pt2/Node/37-Jobly/models/user.js","statementMap":{"0":{"start":{"line":3,"column":11},"end":{"line":3,"column":27}},"1":{"start":{"line":4,"column":15},"end":{"line":4,"column":32}},"2":{"start":{"line":5,"column":32},"end":{"line":5,"column":57}},"3":{"start":{"line":10,"column":4},"end":{"line":10,"column":30}},"4":{"start":{"line":12,"column":31},"end":{"line":12,"column":54}},"5":{"start":{"line":26,"column":23},"end":{"line":36,"column":9}},"6":{"start":{"line":38,"column":21},"end":{"line":38,"column":35}},"7":{"start":{"line":40,"column":8},"end":{"line":47,"column":9}},"8":{"start":{"line":42,"column":28},"end":{"line":42,"column":73}},"9":{"start":{"line":43,"column":12},"end":{"line":46,"column":13}},"10":{"start":{"line":44,"column":16},"end":{"line":44,"column":37}},"11":{"start":{"line":45,"column":16},"end":{"line":45,"column":28}},"12":{"start":{"line":49,"column":8},"end":{"line":49,"column":65}},"13":{"start":{"line":67,"column":31},"end":{"line":72,"column":9}},"14":{"start":{"line":74,"column":8},"end":{"line":76,"column":9}},"15":{"start":{"line":75,"column":12},"end":{"line":75,"column":73}},"16":{"start":{"line":78,"column":31},"end":{"line":78,"column":78}},"17":{"start":{"line":80,"column":23},"end":{"line":91,"column":9}},"18":{"start":{"line":93,"column":21},"end":{"line":93,"column":35}},"19":{"start":{"line":95,"column":8},"end":{"line":95,"column":20}},"20":{"start":{"line":104,"column":23},"end":{"line":112,"column":9}},"21":{"start":{"line":114,"column":8},"end":{"line":114,"column":27}},"22":{"start":{"line":126,"column":24},"end":{"line":135,"column":9}},"23":{"start":{"line":137,"column":21},"end":{"line":137,"column":36}},"24":{"start":{"line":139,"column":8},"end":{"line":139,"column":67}},"25":{"start":{"line":139,"column":19},"end":{"line":139,"column":67}},"26":{"start":{"line":141,"column":24},"end":{"line":144,"column":9}},"27":{"start":{"line":146,"column":8},"end":{"line":146,"column":62}},"28":{"start":{"line":146,"column":52},"end":{"line":146,"column":60}},"29":{"start":{"line":148,"column":8},"end":{"line":148,"column":20}},"30":{"start":{"line":169,"column":8},"end":{"line":174,"column":9}},"31":{"start":{"line":170,"column":12},"end":{"line":173,"column":14}},"32":{"start":{"line":176,"column":36},"end":{"line":180,"column":10}},"33":{"start":{"line":181,"column":31},"end":{"line":181,"column":56}},"34":{"start":{"line":183,"column":25},"end":{"line":190,"column":54}},"35":{"start":{"line":191,"column":23},"end":{"line":191,"column":70}},"36":{"start":{"line":192,"column":21},"end":{"line":192,"column":35}},"37":{"start":{"line":194,"column":8},"end":{"line":194,"column":67}},"38":{"start":{"line":194,"column":19},"end":{"line":194,"column":67}},"39":{"start":{"line":196,"column":8},"end":{"line":196,"column":29}},"40":{"start":{"line":197,"column":8},"end":{"line":197,"column":20}},"41":{"start":{"line":203,"column":21},"end":{"line":209,"column":9}},"42":{"start":{"line":210,"column":21},"end":{"line":210,"column":35}},"43":{"start":{"line":212,"column":8},"end":{"line":212,"column":67}},"44":{"start":{"line":212,"column":19},"end":{"line":212,"column":67}},"45":{"start":{"line":221,"column":24},"end":{"line":224,"column":9}},"46":{"start":{"line":225,"column":21},"end":{"line":225,"column":36}},"47":{"start":{"line":227,"column":8},"end":{"line":229,"column":9}},"48":{"start":{"line":228,"column":12},"end":{"line":228,"column":71}},"49":{"start":{"line":231,"column":23},"end":{"line":233,"column":10}},"50":{"start":{"line":234,"column":20},"end":{"line":234,"column":34}},"51":{"start":{"line":236,"column":8},"end":{"line":238,"column":9}},"52":{"start":{"line":237,"column":12},"end":{"line":237,"column":66}},"53":{"start":{"line":240,"column":8},"end":{"line":244,"column":10}},"54":{"start":{"line":248,"column":0},"end":{"line":248,"column":22}}},"fnMap":{"0":{"name":"(anonymous_0)","decl":{"start":{"line":24,"column":4},"end":{"line":24,"column":5}},"loc":{"start":{"line":24,"column":50},"end":{"line":50,"column":5}},"line":24},"1":{"name":"(anonymous_1)","decl":{"start":{"line":59,"column":4},"end":{"line":59,"column":5}},"loc":{"start":{"line":66,"column":7},"end":{"line":96,"column":5}},"line":66},"2":{"name":"(anonymous_2)","decl":{"start":{"line":103,"column":4},"end":{"line":103,"column":5}},"loc":{"start":{"line":103,"column":27},"end":{"line":115,"column":5}},"line":103},"3":{"name":"(anonymous_3)","decl":{"start":{"line":125,"column":4},"end":{"line":125,"column":5}},"loc":{"start":{"line":125,"column":31},"end":{"line":149,"column":5}},"line":125},"4":{"name":"(anonymous_4)","decl":{"start":{"line":146,"column":45},"end":{"line":146,"column":46}},"loc":{"start":{"line":146,"column":52},"end":{"line":146,"column":60}},"line":146},"5":{"name":"(anonymous_5)","decl":{"start":{"line":168,"column":4},"end":{"line":168,"column":5}},"loc":{"start":{"line":168,"column":40},"end":{"line":198,"column":5}},"line":168},"6":{"name":"(anonymous_6)","decl":{"start":{"line":202,"column":4},"end":{"line":202,"column":5}},"loc":{"start":{"line":202,"column":34},"end":{"line":213,"column":5}},"line":202},"7":{"name":"(anonymous_7)","decl":{"start":{"line":220,"column":4},"end":{"line":220,"column":5}},"loc":{"start":{"line":220,"column":40},"end":{"line":245,"column":5}},"line":220}},"branchMap":{"0":{"loc":{"start":{"line":40,"column":8},"end":{"line":47,"column":9}},"type":"if","locations":[{"start":{"line":40,"column":8},"end":{"line":47,"column":9}},{"start":{"line":40,"column":8},"end":{"line":47,"column":9}}],"line":40},"1":{"loc":{"start":{"line":43,"column":12},"end":{"line":46,"column":13}},"type":"if","locations":[{"start":{"line":43,"column":12},"end":{"line":46,"column":13}},{"start":{"line":43,"column":12},"end":{"line":46,"column":13}}],"line":43},"2":{"loc":{"start":{"line":74,"column":8},"end":{"line":76,"column":9}},"type":"if","locations":[{"start":{"line":74,"column":8},"end":{"line":76,"column":9}},{"start":{"line":74,"column":8},"end":{"line":76,"column":9}}],"line":74},"3":{"loc":{"start":{"line":139,"column":8},"end":{"line":139,"column":67}},"type":"if","locations":[{"start":{"line":139,"column":8},"end":{"line":139,"column":67}},{"start":{"line":139,"column":8},"end":{"line":139,"column":67}}],"line":139},"4":{"loc":{"start":{"line":169,"column":8},"end":{"line":174,"column":9}},"type":"if","locations":[{"start":{"line":169,"column":8},"end":{"line":174,"column":9}},{"start":{"line":169,"column":8},"end":{"line":174,"column":9}}],"line":169},"5":{"loc":{"start":{"line":194,"column":8},"end":{"line":194,"column":67}},"type":"if","locations":[{"start":{"line":194,"column":8},"end":{"line":194,"column":67}},{"start":{"line":194,"column":8},"end":{"line":194,"column":67}}],"line":194},"6":{"loc":{"start":{"line":212,"column":8},"end":{"line":212,"column":67}},"type":"if","locations":[{"start":{"line":212,"column":8},"end":{"line":212,"column":67}},{"start":{"line":212,"column":8},"end":{"line":212,"column":67}}],"line":212},"7":{"loc":{"start":{"line":227,"column":8},"end":{"line":229,"column":9}},"type":"if","locations":[{"start":{"line":227,"column":8},"end":{"line":229,"column":9}},{"start":{"line":227,"column":8},"end":{"line":229,"column":9}}],"line":227},"8":{"loc":{"start":{"line":236,"column":8},"end":{"line":238,"column":9}},"type":"if","locations":[{"start":{"line":236,"column":8},"end":{"line":238,"column":9}},{"start":{"line":236,"column":8},"end":{"line":238,"column":9}}],"line":236}},"s":{"0":6,"1":6,"2":6,"3":6,"4":6,"5":7,"6":7,"7":7,"8":4,"9":4,"10":3,"11":3,"12":4,"13":19,"14":19,"15":1,"16":18,"17":18,"18":18,"19":18,"20":3,"21":2,"22":4,"23":4,"24":4,"25":2,"26":2,"27":2,"28":1,"29":2,"30":7,"31":2,"32":7,"33":6,"34":6,"35":6,"36":6,"37":6,"38":2,"39":4,"40":4,"41":4,"42":4,"43":4,"44":2,"45":3,"46":3,"47":3,"48":1,"49":2,"50":2,"51":2,"52":1,"53":1,"54":6},"f":{"0":7,"1":19,"2":3,"3":4,"4":1,"5":7,"6":4,"7":3},"b":{"0":[4,3],"1":[3,1],"2":[1,18],"3":[2,2],"4":[2,5],"5":[2,4],"6":[2,2],"7":[1,2],"8":[1,1]},"_coverageSchema":"1a1c01bbd47fc00a2c39e90264f33305004495a9","hash":"c116d48f0dee6c2abc1d9c011072c65cdcd3dc4e"}
,"/home/booshja/Coding/Springboard/springboard-exercises-pt2/Node/37-Jobly/routes/_testCommon.js": {"path":"/home/booshja/Coding/Springboard/springboard-exercises-pt2/Node/37-Jobly/routes/_testCommon.js","statementMap":{"0":{"start":{"line":3,"column":11},"end":{"line":3,"column":30}},"1":{"start":{"line":4,"column":13},"end":{"line":4,"column":38}},"2":{"start":{"line":5,"column":16},"end":{"line":5,"column":44}},"3":{"start":{"line":6,"column":12},"end":{"line":6,"column":39}},"4":{"start":{"line":7,"column":24},"end":{"line":7,"column":52}},"5":{"start":{"line":9,"column":14},"end":{"line":9,"column":16}},"6":{"start":{"line":13,"column":4},"end":{"line":13,"column":39}},"7":{"start":{"line":15,"column":4},"end":{"line":15,"column":40}},"8":{"start":{"line":17,"column":4},"end":{"line":17,"column":44}},"9":{"start":{"line":19,"column":4},"end":{"line":25,"column":7}},"10":{"start":{"line":26,"column":4},"end":{"line":32,"column":7}},"11":{"start":{"line":33,"column":4},"end":{"line":39,"column":7}},"12":{"start":{"line":41,"column":4},"end":{"line":48,"column":7}},"13":{"start":{"line":49,"column":4},"end":{"line":56,"column":7}},"14":{"start":{"line":57,"column":4},"end":{"line":64,"column":7}},"15":{"start":{"line":66,"column":4},"end":{"line":71,"column":7}},"16":{"start":{"line":72,"column":4},"end":{"line":77,"column":7}},"17":{"start":{"line":78,"column":4},"end":{"line":83,"column":7}},"18":{"start":{"line":85,"column":24},"end":{"line":85,"column":61}},"19":{"start":{"line":87,"column":4},"end":{"line":87,"column":56}},"20":{"start":{"line":87,"column":36},"end":{"line":87,"column":54}},"21":{"start":{"line":91,"column":4},"end":{"line":91,"column":28}},"22":{"start":{"line":95,"column":4},"end":{"line":95,"column":31}},"23":{"start":{"line":99,"column":4},"end":{"line":99,"column":19}},"24":{"start":{"line":102,"column":16},"end":{"line":102,"column":63}},"25":{"start":{"line":103,"column":21},"end":{"line":103,"column":72}},"26":{"start":{"line":105,"column":0},"end":{"line":113,"column":2}}},"fnMap":{"0":{"name":"commonBeforeAll","decl":{"start":{"line":11,"column":15},"end":{"line":11,"column":30}},"loc":{"start":{"line":11,"column":33},"end":{"line":88,"column":1}},"line":11},"1":{"name":"(anonymous_1)","decl":{"start":{"line":87,"column":29},"end":{"line":87,"column":30}},"loc":{"start":{"line":87,"column":36},"end":{"line":87,"column":54}},"line":87},"2":{"name":"commonBeforeEach","decl":{"start":{"line":90,"column":15},"end":{"line":90,"column":31}},"loc":{"start":{"line":90,"column":34},"end":{"line":92,"column":1}},"line":90},"3":{"name":"commonAfterEach","decl":{"start":{"line":94,"column":15},"end":{"line":94,"column":30}},"loc":{"start":{"line":94,"column":33},"end":{"line":96,"column":1}},"line":94},"4":{"name":"commonAfterAll","decl":{"start":{"line":98,"column":15},"end":{"line":98,"column":29}},"loc":{"start":{"line":98,"column":32},"end":{"line":100,"column":1}},"line":98}},"branchMap":{},"s":{"0":4,"1":4,"2":4,"3":4,"4":4,"5":4,"6":4,"7":4,"8":4,"9":4,"10":4,"11":4,"12":4,"13":4,"14":4,"15":4,"16":4,"17":4,"18":4,"19":4,"20":12,"21":61,"22":61,"23":4,"24":4,"25":4,"26":4},"f":{"0":4,"1":12,"2":61,"3":61,"4":4},"b":{},"_coverageSchema":"1a1c01bbd47fc00a2c39e90264f33305004495a9","hash":"1c346a44652be88b241b6411ad61dc3d4c411e72"}
,"/home/booshja/Coding/Springboard/springboard-exercises-pt2/Node/37-Jobly/routes/auth.js": {"path":"/home/booshja/Coding/Springboard/springboard-exercises-pt2/Node/37-Jobly/routes/auth.js","statementMap":{"0":{"start":{"line":5,"column":19},"end":{"line":5,"column":40}},"1":{"start":{"line":7,"column":13},"end":{"line":7,"column":38}},"2":{"start":{"line":8,"column":16},"end":{"line":8,"column":34}},"3":{"start":{"line":9,"column":15},"end":{"line":9,"column":35}},"4":{"start":{"line":10,"column":24},"end":{"line":10,"column":52}},"5":{"start":{"line":11,"column":23},"end":{"line":11,"column":58}},"6":{"start":{"line":12,"column":27},"end":{"line":12,"column":66}},"7":{"start":{"line":13,"column":28},"end":{"line":13,"column":54}},"8":{"start":{"line":22,"column":0},"end":{"line":37,"column":3}},"9":{"start":{"line":23,"column":2},"end":{"line":36,"column":3}},"10":{"start":{"line":24,"column":22},"end":{"line":24,"column":67}},"11":{"start":{"line":25,"column":4},"end":{"line":28,"column":5}},"12":{"start":{"line":26,"column":19},"end":{"line":26,"column":53}},"13":{"start":{"line":26,"column":45},"end":{"line":26,"column":52}},"14":{"start":{"line":27,"column":6},"end":{"line":27,"column":38}},"15":{"start":{"line":30,"column":35},"end":{"line":30,"column":43}},"16":{"start":{"line":31,"column":17},"end":{"line":31,"column":60}},"17":{"start":{"line":32,"column":18},"end":{"line":32,"column":35}},"18":{"start":{"line":33,"column":4},"end":{"line":33,"column":31}},"19":{"start":{"line":35,"column":4},"end":{"line":35,"column":21}},"20":{"start":{"line":49,"column":0},"end":{"line":63,"column":3}},"21":{"start":{"line":50,"column":2},"end":{"line":62,"column":3}},"22":{"start":{"line":51,"column":22},"end":{"line":51,"column":71}},"23":{"start":{"line":52,"column":4},"end":{"line":55,"column":5}},"24":{"start":{"line":53,"column":19},"end":{"line":53,"column":53}},"25":{"start":{"line":53,"column":45},"end":{"line":53,"column":52}},"26":{"start":{"line":54,"column":6},"end":{"line":54,"column":38}},"27":{"start":{"line":57,"column":20},"end":{"line":57,"column":72}},"28":{"start":{"line":58,"column":18},"end":{"line":58,"column":38}},"29":{"start":{"line":59,"column":4},"end":{"line":59,"column":43}},"30":{"start":{"line":61,"column":4},"end":{"line":61,"column":21}},"31":{"start":{"line":66,"column":0},"end":{"line":66,"column":24}}},"fnMap":{"0":{"name":"(anonymous_0)","decl":{"start":{"line":22,"column":22},"end":{"line":22,"column":23}},"loc":{"start":{"line":22,"column":54},"end":{"line":37,"column":1}},"line":22},"1":{"name":"(anonymous_1)","decl":{"start":{"line":26,"column":40},"end":{"line":26,"column":41}},"loc":{"start":{"line":26,"column":45},"end":{"line":26,"column":52}},"line":26},"2":{"name":"(anonymous_2)","decl":{"start":{"line":49,"column":25},"end":{"line":49,"column":26}},"loc":{"start":{"line":49,"column":57},"end":{"line":63,"column":1}},"line":49},"3":{"name":"(anonymous_3)","decl":{"start":{"line":53,"column":40},"end":{"line":53,"column":41}},"loc":{"start":{"line":53,"column":45},"end":{"line":53,"column":52}},"line":53}},"branchMap":{"0":{"loc":{"start":{"line":25,"column":4},"end":{"line":28,"column":5}},"type":"if","locations":[{"start":{"line":25,"column":4},"end":{"line":28,"column":5}},{"start":{"line":25,"column":4},"end":{"line":28,"column":5}}],"line":25},"1":{"loc":{"start":{"line":52,"column":4},"end":{"line":55,"column":5}},"type":"if","locations":[{"start":{"line":52,"column":4},"end":{"line":55,"column":5}},{"start":{"line":52,"column":4},"end":{"line":55,"column":5}}],"line":52}},"s":{"0":5,"1":5,"2":5,"3":5,"4":5,"5":5,"6":5,"7":5,"8":5,"9":5,"10":5,"11":5,"12":2,"13":2,"14":2,"15":3,"16":3,"17":1,"18":1,"19":4,"20":5,"21":3,"22":3,"23":3,"24":2,"25":5,"26":2,"27":1,"28":1,"29":1,"30":2,"31":5},"f":{"0":5,"1":2,"2":3,"3":5},"b":{"0":[2,3],"1":[2,1]},"_coverageSchema":"1a1c01bbd47fc00a2c39e90264f33305004495a9","hash":"e47f529a00ef9681af03d9f684e0ec3ddc7ae8cc"}
,"/home/booshja/Coding/Springboard/springboard-exercises-pt2/Node/37-Jobly/routes/companies.js": {"path":"/home/booshja/Coding/Springboard/springboard-exercises-pt2/Node/37-Jobly/routes/companies.js","statementMap":{"0":{"start":{"line":5,"column":19},"end":{"line":5,"column":40}},"1":{"start":{"line":6,"column":16},"end":{"line":6,"column":34}},"2":{"start":{"line":8,"column":28},"end":{"line":8,"column":54}},"3":{"start":{"line":9,"column":24},"end":{"line":9,"column":53}},"4":{"start":{"line":10,"column":16},"end":{"line":10,"column":44}},"5":{"start":{"line":12,"column":25},"end":{"line":12,"column":62}},"6":{"start":{"line":13,"column":28},"end":{"line":13,"column":68}},"7":{"start":{"line":15,"column":15},"end":{"line":15,"column":35}},"8":{"start":{"line":26,"column":0},"end":{"line":39,"column":3}},"9":{"start":{"line":27,"column":4},"end":{"line":38,"column":5}},"10":{"start":{"line":28,"column":26},"end":{"line":28,"column":73}},"11":{"start":{"line":29,"column":8},"end":{"line":32,"column":9}},"12":{"start":{"line":30,"column":25},"end":{"line":30,"column":61}},"13":{"start":{"line":30,"column":53},"end":{"line":30,"column":60}},"14":{"start":{"line":31,"column":12},"end":{"line":31,"column":44}},"15":{"start":{"line":34,"column":24},"end":{"line":34,"column":54}},"16":{"start":{"line":35,"column":8},"end":{"line":35,"column":49}},"17":{"start":{"line":37,"column":8},"end":{"line":37,"column":25}},"18":{"start":{"line":52,"column":0},"end":{"line":78,"column":3}},"19":{"start":{"line":53,"column":4},"end":{"line":77,"column":5}},"20":{"start":{"line":55,"column":27},"end":{"line":55,"column":67}},"21":{"start":{"line":57,"column":8},"end":{"line":63,"column":9}},"22":{"start":{"line":58,"column":12},"end":{"line":62,"column":13}},"23":{"start":{"line":59,"column":16},"end":{"line":61,"column":18}},"24":{"start":{"line":65,"column":8},"end":{"line":73,"column":9}},"25":{"start":{"line":70,"column":12},"end":{"line":70,"column":61}},"26":{"start":{"line":72,"column":12},"end":{"line":72,"column":48}},"27":{"start":{"line":74,"column":8},"end":{"line":74,"column":39}},"28":{"start":{"line":76,"column":8},"end":{"line":76,"column":25}},"29":{"start":{"line":88,"column":0},"end":{"line":95,"column":3}},"30":{"start":{"line":89,"column":4},"end":{"line":94,"column":5}},"31":{"start":{"line":90,"column":24},"end":{"line":90,"column":60}},"32":{"start":{"line":91,"column":8},"end":{"line":91,"column":37}},"33":{"start":{"line":93,"column":8},"end":{"line":93,"column":25}},"34":{"start":{"line":108,"column":0},"end":{"line":121,"column":3}},"35":{"start":{"line":109,"column":4},"end":{"line":120,"column":5}},"36":{"start":{"line":110,"column":26},"end":{"line":110,"column":76}},"37":{"start":{"line":111,"column":8},"end":{"line":114,"column":9}},"38":{"start":{"line":112,"column":25},"end":{"line":112,"column":61}},"39":{"start":{"line":112,"column":53},"end":{"line":112,"column":60}},"40":{"start":{"line":113,"column":12},"end":{"line":113,"column":44}},"41":{"start":{"line":116,"column":24},"end":{"line":116,"column":73}},"42":{"start":{"line":117,"column":8},"end":{"line":117,"column":37}},"43":{"start":{"line":119,"column":8},"end":{"line":119,"column":25}},"44":{"start":{"line":128,"column":0},"end":{"line":135,"column":3}},"45":{"start":{"line":129,"column":4},"end":{"line":134,"column":5}},"46":{"start":{"line":130,"column":8},"end":{"line":130,"column":48}},"47":{"start":{"line":131,"column":8},"end":{"line":131,"column":56}},"48":{"start":{"line":133,"column":8},"end":{"line":133,"column":25}},"49":{"start":{"line":137,"column":0},"end":{"line":137,"column":24}}},"fnMap":{"0":{"name":"(anonymous_0)","decl":{"start":{"line":26,"column":30},"end":{"line":26,"column":31}},"loc":{"start":{"line":26,"column":62},"end":{"line":39,"column":1}},"line":26},"1":{"name":"(anonymous_1)","decl":{"start":{"line":30,"column":46},"end":{"line":30,"column":47}},"loc":{"start":{"line":30,"column":53},"end":{"line":30,"column":60}},"line":30},"2":{"name":"(anonymous_2)","decl":{"start":{"line":52,"column":16},"end":{"line":52,"column":17}},"loc":{"start":{"line":52,"column":48},"end":{"line":78,"column":1}},"line":52},"3":{"name":"(anonymous_3)","decl":{"start":{"line":88,"column":23},"end":{"line":88,"column":24}},"loc":{"start":{"line":88,"column":55},"end":{"line":95,"column":1}},"line":88},"4":{"name":"(anonymous_4)","decl":{"start":{"line":108,"column":38},"end":{"line":108,"column":39}},"loc":{"start":{"line":108,"column":70},"end":{"line":121,"column":1}},"line":108},"5":{"name":"(anonymous_5)","decl":{"start":{"line":112,"column":46},"end":{"line":112,"column":47}},"loc":{"start":{"line":112,"column":53},"end":{"line":112,"column":60}},"line":112},"6":{"name":"(anonymous_6)","decl":{"start":{"line":128,"column":39},"end":{"line":128,"column":40}},"loc":{"start":{"line":128,"column":71},"end":{"line":135,"column":1}},"line":128}},"branchMap":{"0":{"loc":{"start":{"line":29,"column":8},"end":{"line":32,"column":9}},"type":"if","locations":[{"start":{"line":29,"column":8},"end":{"line":32,"column":9}},{"start":{"line":29,"column":8},"end":{"line":32,"column":9}}],"line":29},"1":{"loc":{"start":{"line":58,"column":12},"end":{"line":62,"column":13}},"type":"if","locations":[{"start":{"line":58,"column":12},"end":{"line":62,"column":13}},{"start":{"line":58,"column":12},"end":{"line":62,"column":13}}],"line":58},"2":{"loc":{"start":{"line":65,"column":8},"end":{"line":73,"column":9}},"type":"if","locations":[{"start":{"line":65,"column":8},"end":{"line":73,"column":9}},{"start":{"line":65,"column":8},"end":{"line":73,"column":9}}],"line":65},"3":{"loc":{"start":{"line":66,"column":12},"end":{"line":68,"column":35}},"type":"binary-expr","locations":[{"start":{"line":66,"column":12},"end":{"line":66,"column":27}},{"start":{"line":67,"column":12},"end":{"line":67,"column":35}},{"start":{"line":68,"column":12},"end":{"line":68,"column":35}}],"line":66},"4":{"loc":{"start":{"line":111,"column":8},"end":{"line":114,"column":9}},"type":"if","locations":[{"start":{"line":111,"column":8},"end":{"line":114,"column":9}},{"start":{"line":111,"column":8},"end":{"line":114,"column":9}}],"line":111}},"s":{"0":5,"1":5,"2":5,"3":5,"4":5,"5":5,"6":5,"7":5,"8":5,"9":3,"10":3,"11":3,"12":2,"13":3,"14":2,"15":1,"16":1,"17":2,"18":5,"19":2,"20":2,"21":2,"22":0,"23":0,"24":2,"25":0,"26":2,"27":1,"28":1,"29":5,"30":3,"31":3,"32":2,"33":1,"34":5,"35":4,"36":4,"37":4,"38":2,"39":2,"40":2,"41":2,"42":1,"43":3,"44":5,"45":2,"46":2,"47":1,"48":1,"49":5},"f":{"0":3,"1":3,"2":2,"3":3,"4":4,"5":2,"6":2},"b":{"0":[2,1],"1":[0,0],"2":[0,2],"3":[2,2,2],"4":[2,2]},"_coverageSchema":"1a1c01bbd47fc00a2c39e90264f33305004495a9","hash":"e323158e30fb6b846e7afc497792f98af035de1b"}
,"/home/booshja/Coding/Springboard/springboard-exercises-pt2/Node/37-Jobly/routes/jobs.js": {"path":"/home/booshja/Coding/Springboard/springboard-exercises-pt2/Node/37-Jobly/routes/jobs.js","statementMap":{"0":{"start":{"line":5,"column":19},"end":{"line":5,"column":40}},"1":{"start":{"line":7,"column":16},"end":{"line":7,"column":34}},"2":{"start":{"line":8,"column":24},"end":{"line":8,"column":53}},"3":{"start":{"line":9,"column":28},"end":{"line":9,"column":54}},"4":{"start":{"line":10,"column":12},"end":{"line":10,"column":36}},"5":{"start":{"line":12,"column":21},"end":{"line":12,"column":54}},"6":{"start":{"line":13,"column":24},"end":{"line":13,"column":66}},"7":{"start":{"line":15,"column":15},"end":{"line":15,"column":31}},"8":{"start":{"line":27,"column":0},"end":{"line":40,"column":3}},"9":{"start":{"line":28,"column":4},"end":{"line":39,"column":5}},"10":{"start":{"line":29,"column":26},"end":{"line":29,"column":69}},"11":{"start":{"line":30,"column":8},"end":{"line":33,"column":9}},"12":{"start":{"line":31,"column":25},"end":{"line":31,"column":61}},"13":{"start":{"line":31,"column":53},"end":{"line":31,"column":60}},"14":{"start":{"line":32,"column":12},"end":{"line":32,"column":44}},"15":{"start":{"line":35,"column":20},"end":{"line":35,"column":46}},"16":{"start":{"line":36,"column":8},"end":{"line":36,"column":45}},"17":{"start":{"line":38,"column":8},"end":{"line":38,"column":25}},"18":{"start":{"line":53,"column":0},"end":{"line":75,"column":3}},"19":{"start":{"line":54,"column":4},"end":{"line":74,"column":5}},"20":{"start":{"line":56,"column":27},"end":{"line":56,"column":62}},"21":{"start":{"line":58,"column":8},"end":{"line":64,"column":9}},"22":{"start":{"line":59,"column":12},"end":{"line":63,"column":13}},"23":{"start":{"line":60,"column":16},"end":{"line":62,"column":18}},"24":{"start":{"line":66,"column":8},"end":{"line":70,"column":9}},"25":{"start":{"line":67,"column":12},"end":{"line":67,"column":52}},"26":{"start":{"line":69,"column":12},"end":{"line":69,"column":39}},"27":{"start":{"line":71,"column":8},"end":{"line":71,"column":34}},"28":{"start":{"line":73,"column":8},"end":{"line":73,"column":25}},"29":{"start":{"line":84,"column":0},"end":{"line":91,"column":3}},"30":{"start":{"line":85,"column":4},"end":{"line":90,"column":5}},"31":{"start":{"line":86,"column":20},"end":{"line":86,"column":48}},"32":{"start":{"line":87,"column":8},"end":{"line":87,"column":33}},"33":{"start":{"line":89,"column":8},"end":{"line":89,"column":25}},"34":{"start":{"line":104,"column":0},"end":{"line":117,"column":3}},"35":{"start":{"line":105,"column":4},"end":{"line":116,"column":5}},"36":{"start":{"line":106,"column":26},"end":{"line":106,"column":72}},"37":{"start":{"line":107,"column":8},"end":{"line":110,"column":9}},"38":{"start":{"line":108,"column":25},"end":{"line":108,"column":61}},"39":{"start":{"line":108,"column":53},"end":{"line":108,"column":60}},"40":{"start":{"line":109,"column":12},"end":{"line":109,"column":44}},"41":{"start":{"line":112,"column":20},"end":{"line":112,"column":61}},"42":{"start":{"line":113,"column":8},"end":{"line":113,"column":33}},"43":{"start":{"line":115,"column":8},"end":{"line":115,"column":25}},"44":{"start":{"line":124,"column":0},"end":{"line":131,"column":3}},"45":{"start":{"line":125,"column":4},"end":{"line":130,"column":5}},"46":{"start":{"line":126,"column":8},"end":{"line":126,"column":40}},"47":{"start":{"line":127,"column":8},"end":{"line":127,"column":52}},"48":{"start":{"line":129,"column":8},"end":{"line":129,"column":25}},"49":{"start":{"line":133,"column":0},"end":{"line":133,"column":24}}},"fnMap":{"0":{"name":"(anonymous_0)","decl":{"start":{"line":27,"column":30},"end":{"line":27,"column":31}},"loc":{"start":{"line":27,"column":62},"end":{"line":40,"column":1}},"line":27},"1":{"name":"(anonymous_1)","decl":{"start":{"line":31,"column":46},"end":{"line":31,"column":47}},"loc":{"start":{"line":31,"column":53},"end":{"line":31,"column":60}},"line":31},"2":{"name":"(anonymous_2)","decl":{"start":{"line":53,"column":16},"end":{"line":53,"column":17}},"loc":{"start":{"line":53,"column":48},"end":{"line":75,"column":1}},"line":53},"3":{"name":"(anonymous_3)","decl":{"start":{"line":84,"column":19},"end":{"line":84,"column":20}},"loc":{"start":{"line":84,"column":51},"end":{"line":91,"column":1}},"line":84},"4":{"name":"(anonymous_4)","decl":{"start":{"line":104,"column":34},"end":{"line":104,"column":35}},"loc":{"start":{"line":104,"column":66},"end":{"line":117,"column":1}},"line":104},"5":{"name":"(anonymous_5)","decl":{"start":{"line":108,"column":46},"end":{"line":108,"column":47}},"loc":{"start":{"line":108,"column":53},"end":{"line":108,"column":60}},"line":108},"6":{"name":"(anonymous_6)","decl":{"start":{"line":124,"column":35},"end":{"line":124,"column":36}},"loc":{"start":{"line":124,"column":67},"end":{"line":131,"column":1}},"line":124}},"branchMap":{"0":{"loc":{"start":{"line":30,"column":8},"end":{"line":33,"column":9}},"type":"if","locations":[{"start":{"line":30,"column":8},"end":{"line":33,"column":9}},{"start":{"line":30,"column":8},"end":{"line":33,"column":9}}],"line":30},"1":{"loc":{"start":{"line":59,"column":12},"end":{"line":63,"column":13}},"type":"if","locations":[{"start":{"line":59,"column":12},"end":{"line":63,"column":13}},{"start":{"line":59,"column":12},"end":{"line":63,"column":13}}],"line":59},"2":{"loc":{"start":{"line":66,"column":8},"end":{"line":70,"column":9}},"type":"if","locations":[{"start":{"line":66,"column":8},"end":{"line":70,"column":9}},{"start":{"line":66,"column":8},"end":{"line":70,"column":9}}],"line":66},"3":{"loc":{"start":{"line":66,"column":12},"end":{"line":66,"column":76}},"type":"binary-expr","locations":[{"start":{"line":66,"column":12},"end":{"line":66,"column":28}},{"start":{"line":66,"column":32},"end":{"line":66,"column":52}},{"start":{"line":66,"column":56},"end":{"line":66,"column":76}}],"line":66},"4":{"loc":{"start":{"line":107,"column":8},"end":{"line":110,"column":9}},"type":"if","locations":[{"start":{"line":107,"column":8},"end":{"line":110,"column":9}},{"start":{"line":107,"column":8},"end":{"line":110,"column":9}}],"line":107}},"s":{"0":5,"1":5,"2":5,"3":5,"4":5,"5":5,"6":5,"7":5,"8":5,"9":3,"10":3,"11":3,"12":2,"13":5,"14":2,"15":1,"16":1,"17":2,"18":5,"19":2,"20":2,"21":2,"22":0,"23":0,"24":2,"25":0,"26":2,"27":1,"28":1,"29":5,"30":2,"31":2,"32":1,"33":1,"34":5,"35":4,"36":4,"37":4,"38":2,"39":2,"40":2,"41":2,"42":1,"43":3,"44":5,"45":2,"46":2,"47":1,"48":1,"49":5},"f":{"0":3,"1":5,"2":2,"3":2,"4":4,"5":2,"6":2},"b":{"0":[2,1],"1":[0,0],"2":[0,2],"3":[2,2,2],"4":[2,2]},"_coverageSchema":"1a1c01bbd47fc00a2c39e90264f33305004495a9","hash":"4a6ef9df3af9109b82d245ccc607e6a943fa5d90"}
,"/home/booshja/Coding/Springboard/springboard-exercises-pt2/Node/37-Jobly/routes/users.js": {"path":"/home/booshja/Coding/Springboard/springboard-exercises-pt2/Node/37-Jobly/routes/users.js","statementMap":{"0":{"start":{"line":5,"column":19},"end":{"line":5,"column":40}},"1":{"start":{"line":7,"column":16},"end":{"line":7,"column":34}},"2":{"start":{"line":12,"column":4},"end":{"line":12,"column":33}},"3":{"start":{"line":13,"column":28},"end":{"line":13,"column":54}},"4":{"start":{"line":14,"column":13},"end":{"line":14,"column":38}},"5":{"start":{"line":15,"column":24},"end":{"line":15,"column":52}},"6":{"start":{"line":16,"column":22},"end":{"line":16,"column":56}},"7":{"start":{"line":17,"column":25},"end":{"line":17,"column":62}},"8":{"start":{"line":19,"column":15},"end":{"line":19,"column":31}},"9":{"start":{"line":33,"column":0},"end":{"line":47,"column":3}},"10":{"start":{"line":34,"column":4},"end":{"line":46,"column":5}},"11":{"start":{"line":35,"column":26},"end":{"line":35,"column":70}},"12":{"start":{"line":36,"column":8},"end":{"line":39,"column":9}},"13":{"start":{"line":37,"column":25},"end":{"line":37,"column":61}},"14":{"start":{"line":37,"column":53},"end":{"line":37,"column":60}},"15":{"start":{"line":38,"column":12},"end":{"line":38,"column":44}},"16":{"start":{"line":41,"column":21},"end":{"line":41,"column":50}},"17":{"start":{"line":42,"column":22},"end":{"line":42,"column":39}},"18":{"start":{"line":43,"column":8},"end":{"line":43,"column":53}},"19":{"start":{"line":45,"column":8},"end":{"line":45,"column":25}},"20":{"start":{"line":56,"column":0},"end":{"line":63,"column":3}},"21":{"start":{"line":57,"column":4},"end":{"line":62,"column":5}},"22":{"start":{"line":58,"column":22},"end":{"line":58,"column":42}},"23":{"start":{"line":59,"column":8},"end":{"line":59,"column":35}},"24":{"start":{"line":61,"column":8},"end":{"line":61,"column":25}},"25":{"start":{"line":72,"column":0},"end":{"line":83,"column":2}},"26":{"start":{"line":76,"column":8},"end":{"line":81,"column":9}},"27":{"start":{"line":77,"column":25},"end":{"line":77,"column":60}},"28":{"start":{"line":78,"column":12},"end":{"line":78,"column":38}},"29":{"start":{"line":80,"column":12},"end":{"line":80,"column":29}},"30":{"start":{"line":95,"column":0},"end":{"line":112,"column":2}},"31":{"start":{"line":99,"column":8},"end":{"line":110,"column":9}},"32":{"start":{"line":100,"column":30},"end":{"line":100,"column":77}},"33":{"start":{"line":101,"column":12},"end":{"line":104,"column":13}},"34":{"start":{"line":102,"column":29},"end":{"line":102,"column":65}},"35":{"start":{"line":102,"column":57},"end":{"line":102,"column":64}},"36":{"start":{"line":103,"column":16},"end":{"line":103,"column":48}},"37":{"start":{"line":106,"column":25},"end":{"line":106,"column":73}},"38":{"start":{"line":107,"column":12},"end":{"line":107,"column":38}},"39":{"start":{"line":109,"column":12},"end":{"line":109,"column":29}},"40":{"start":{"line":119,"column":0},"end":{"line":130,"column":2}},"41":{"start":{"line":123,"column":8},"end":{"line":128,"column":9}},"42":{"start":{"line":124,"column":12},"end":{"line":124,"column":51}},"43":{"start":{"line":125,"column":12},"end":{"line":125,"column":62}},"44":{"start":{"line":127,"column":12},"end":{"line":127,"column":29}},"45":{"start":{"line":139,"column":0},"end":{"line":147,"column":3}},"46":{"start":{"line":140,"column":4},"end":{"line":146,"column":5}},"47":{"start":{"line":141,"column":36},"end":{"line":141,"column":46}},"48":{"start":{"line":142,"column":20},"end":{"line":142,"column":53}},"49":{"start":{"line":143,"column":8},"end":{"line":143,"column":44}},"50":{"start":{"line":145,"column":8},"end":{"line":145,"column":25}},"51":{"start":{"line":149,"column":0},"end":{"line":149,"column":24}}},"fnMap":{"0":{"name":"(anonymous_0)","decl":{"start":{"line":33,"column":30},"end":{"line":33,"column":31}},"loc":{"start":{"line":33,"column":62},"end":{"line":47,"column":1}},"line":33},"1":{"name":"(anonymous_1)","decl":{"start":{"line":37,"column":46},"end":{"line":37,"column":47}},"loc":{"start":{"line":37,"column":53},"end":{"line":37,"column":60}},"line":37},"2":{"name":"(anonymous_2)","decl":{"start":{"line":56,"column":29},"end":{"line":56,"column":30}},"loc":{"start":{"line":56,"column":61},"end":{"line":63,"column":1}},"line":56},"3":{"name":"(anonymous_3)","decl":{"start":{"line":75,"column":4},"end":{"line":75,"column":5}},"loc":{"start":{"line":75,"column":36},"end":{"line":82,"column":5}},"line":75},"4":{"name":"(anonymous_4)","decl":{"start":{"line":98,"column":4},"end":{"line":98,"column":5}},"loc":{"start":{"line":98,"column":36},"end":{"line":111,"column":5}},"line":98},"5":{"name":"(anonymous_5)","decl":{"start":{"line":102,"column":50},"end":{"line":102,"column":51}},"loc":{"start":{"line":102,"column":57},"end":{"line":102,"column":64}},"line":102},"6":{"name":"(anonymous_6)","decl":{"start":{"line":122,"column":4},"end":{"line":122,"column":5}},"loc":{"start":{"line":122,"column":36},"end":{"line":129,"column":5}},"line":122},"7":{"name":"(anonymous_7)","decl":{"start":{"line":139,"column":38},"end":{"line":139,"column":39}},"loc":{"start":{"line":139,"column":70},"end":{"line":147,"column":1}},"line":139}},"branchMap":{"0":{"loc":{"start":{"line":36,"column":8},"end":{"line":39,"column":9}},"type":"if","locations":[{"start":{"line":36,"column":8},"end":{"line":39,"column":9}},{"start":{"line":36,"column":8},"end":{"line":39,"column":9}}],"line":36},"1":{"loc":{"start":{"line":101,"column":12},"end":{"line":104,"column":13}},"type":"if","locations":[{"start":{"line":101,"column":12},"end":{"line":104,"column":13}},{"start":{"line":101,"column":12},"end":{"line":104,"column":13}}],"line":101}},"s":{"0":5,"1":5,"2":5,"3":5,"4":5,"5":5,"6":5,"7":5,"8":5,"9":5,"10":4,"11":4,"12":4,"13":2,"14":5,"15":2,"16":2,"17":2,"18":2,"19":2,"20":5,"21":2,"22":2,"23":1,"24":1,"25":5,"26":2,"27":2,"28":1,"29":1,"30":5,"31":4,"32":4,"33":4,"34":1,"35":1,"36":1,"37":3,"38":2,"39":2,"40":5,"41":2,"42":2,"43":1,"44":1,"45":5,"46":0,"47":0,"48":0,"49":0,"50":0,"51":5},"f":{"0":4,"1":5,"2":2,"3":2,"4":4,"5":1,"6":2,"7":0},"b":{"0":[2,2],"1":[1,3]},"_coverageSchema":"1a1c01bbd47fc00a2c39e90264f33305004495a9","hash":"43e1db52512bde681e8a87a62d54be70e8216229"}
}
