TN:
SF:app.js
FN:31,(anonymous_0)
FN:36,(anonymous_1)
FNF:2
FNH:2
FNDA:4,(anonymous_0)
FNDA:43,(anonymous_1)
DA:5,5
DA:6,5
DA:8,5
DA:10,5
DA:11,5
DA:12,5
DA:13,5
DA:14,5
DA:16,5
DA:18,5
DA:20,5
DA:21,5
DA:22,5
DA:23,5
DA:25,5
DA:26,5
DA:27,5
DA:28,5
DA:31,5
DA:32,4
DA:36,5
DA:37,43
DA:38,43
DA:39,43
DA:41,43
DA:46,5
LF:26
LH:26
BRDA:37,0,0,1
BRDA:37,0,1,42
BRDA:38,1,0,43
BRDA:38,1,1,3
BRF:4
BRH:4
end_of_record
TN:
SF:config.js
FN:13,getDatabaseUri
FNF:1
FNH:1
FNDA:22,getDatabaseUri
DA:5,11
DA:6,11
DA:8,11
DA:10,11
DA:14,22
DA:22,11
DA:24,11
DA:25,11
DA:26,11
DA:27,11
DA:28,11
DA:29,11
DA:31,11
LF:13
LH:13
BRDA:8,0,0,11
BRDA:8,0,1,10
BRDA:10,1,0,11
BRDA:10,1,1,0
BRDA:14,2,0,19
BRDA:14,2,1,3
BRDA:16,3,0,3
BRDA:16,3,1,1
BRDA:22,4,0,10
BRDA:22,4,1,1
BRF:10
BRH:9
end_of_record
TN:
SF:db.js
FNF:0
FNH:0
DA:3,8
DA:4,8
DA:8,8
DA:9,0
DA:16,8
DA:21,8
DA:23,8
LF:7
LH:6
BRDA:8,0,0,0
BRDA:8,0,1,8
BRF:2
BRH:1
end_of_record
TN:
SF:expressError.js
FN:8,(anonymous_0)
FN:18,(anonymous_1)
FN:26,(anonymous_2)
FN:34,(anonymous_3)
FN:42,(anonymous_4)
FNF:5
FNH:4
FNDA:65,(anonymous_0)
FNDA:22,(anonymous_1)
FNDA:19,(anonymous_2)
FNDA:24,(anonymous_3)
FNDA:0,(anonymous_4)
DA:9,65
DA:10,65
DA:11,65
DA:19,22
DA:27,19
DA:35,24
DA:43,0
DA:47,10
LF:8
LH:7
BRDA:18,0,0,4
BRDA:26,1,0,15
BRDA:34,2,0,0
BRDA:42,3,0,0
BRF:4
BRH:2
end_of_record
TN:
SF:helpers/sql.js
FN:3,sqlForPartialUpdate
FN:12,(anonymous_1)
FNF:2
FNH:2
FNDA:20,sqlForPartialUpdate
FNDA:32,(anonymous_1)
DA:1,9
DA:5,20
DA:7,20
DA:11,16
DA:12,32
DA:16,16
DA:22,9
LF:7
LH:7
BRDA:7,0,0,4
BRDA:7,0,1,16
BRDA:12,1,0,32
BRDA:12,1,1,19
BRF:4
BRH:4
end_of_record
TN:
SF:helpers/tokens.js
FN:6,createToken
FNF:1
FNH:1
FNDA:15,createToken
DA:1,6
DA:2,6
DA:7,15
DA:10,15
DA:15,15
DA:18,6
LF:6
LH:6
BRDA:12,0,0,15
BRDA:12,0,1,9
BRF:2
BRH:2
end_of_record
TN:
SF:middleware/auth.js
FN:17,authenticateJWT
FN:35,ensureLoggedIn
FN:49,ensureAdmin
FN:65,ensureAdminOrCurrUser
FNF:4
FNH:4
FNDA:66,authenticateJWT
FNDA:2,ensureLoggedIn
FNDA:34,ensureAdmin
FNDA:15,ensureAdminOrCurrUser
DA:5,6
DA:6,6
DA:7,6
DA:18,66
DA:19,66
DA:20,66
DA:21,35
DA:22,35
DA:24,65
DA:26,1
DA:36,2
DA:37,2
DA:38,1
DA:40,1
DA:50,34
DA:51,34
DA:52,9
DA:54,25
DA:56,9
DA:66,15
DA:67,15
DA:68,15
DA:71,5
DA:73,10
DA:75,5
DA:79,6
LF:26
LH:26
BRDA:19,0,0,66
BRDA:19,0,1,65
BRDA:20,1,0,35
BRDA:20,1,1,31
BRDA:37,2,0,1
BRDA:37,2,1,1
BRDA:51,3,0,9
BRDA:51,3,1,25
BRDA:51,4,0,34
BRDA:51,4,1,26
BRDA:68,5,0,5
BRDA:68,5,1,10
BRDA:69,6,0,15
BRDA:69,6,1,11
BRDA:69,6,2,10
BRF:15
BRH:15
end_of_record
TN:
SF:models/_testCommon.js
FN:8,commonBeforeAll
FN:32,(anonymous_1)
FN:58,commonBeforeEach
FN:62,commonAfterEach
FN:66,commonAfterAll
FNF:5
FNH:5
FNDA:3,commonBeforeAll
FNDA:12,(anonymous_1)
FNDA:50,commonBeforeEach
FNDA:50,commonAfterEach
FNDA:3,commonAfterAll
DA:1,3
DA:3,3
DA:4,3
DA:6,3
DA:10,3
DA:12,3
DA:14,3
DA:16,3
DA:18,3
DA:24,3
DA:32,12
DA:34,3
DA:50,3
DA:59,50
DA:63,50
DA:67,3
DA:70,3
LF:17
LH:17
BRF:0
BRH:0
end_of_record
TN:
SF:models/company.js
FN:19,(anonymous_0)
FN:47,(anonymous_1)
FN:65,(anonymous_2)
FN:119,(anonymous_3)
FN:169,(anonymous_4)
FN:197,(anonymous_5)
FNF:6
FNH:6
FNDA:16,(anonymous_0)
FNDA:3,(anonymous_1)
FNDA:8,(anonymous_2)
FNDA:5,(anonymous_3)
FNDA:6,(anonymous_4)
FNDA:4,(anonymous_5)
DA:3,6
DA:4,6
DA:5,6
DA:20,16
DA:27,16
DA:28,1
DA:30,15
DA:37,15
DA:39,15
DA:48,3
DA:57,2
DA:66,8
DA:67,8
DA:68,8
DA:71,8
DA:72,4
DA:73,4
DA:74,4
DA:78,8
DA:79,2
DA:80,1
DA:84,1
DA:85,1
DA:86,6
DA:87,2
DA:88,2
DA:89,4
DA:90,2
DA:91,2
DA:95,7
DA:98,7
DA:108,7
DA:120,5
DA:131,5
DA:133,5
DA:135,3
DA:145,3
DA:154,3
DA:170,6
DA:174,5
DA:176,5
DA:184,5
DA:185,5
DA:187,5
DA:189,3
DA:198,4
DA:205,4
DA:207,4
DA:211,6
LF:49
LH:49
BRDA:27,0,0,1
BRDA:27,0,1,15
BRDA:71,1,0,4
BRDA:71,1,1,4
BRDA:78,2,0,2
BRDA:78,2,1,6
BRDA:78,3,0,8
BRDA:78,3,1,4
BRDA:79,4,0,1
BRDA:79,4,1,1
BRDA:86,5,0,2
BRDA:86,5,1,4
BRDA:86,6,0,6
BRDA:86,6,1,2
BRDA:89,7,0,2
BRDA:89,7,1,2
BRDA:89,8,0,4
BRDA:89,8,1,2
BRDA:133,9,0,2
BRDA:133,9,1,3
BRDA:187,10,0,2
BRDA:187,10,1,3
BRDA:207,11,0,2
BRDA:207,11,1,2
BRF:24
BRH:24
end_of_record
TN:
SF:models/job.js
FN:19,(anonymous_0)
FN:39,(anonymous_1)
FN:57,(anonymous_2)
FN:105,(anonymous_3)
FN:135,(anonymous_4)
FN:162,(anonymous_5)
FNF:6
FNH:6
FNDA:14,(anonymous_0)
FNDA:3,(anonymous_1)
FNDA:4,(anonymous_2)
FNDA:4,(anonymous_3)
FNDA:5,(anonymous_4)
FNDA:4,(anonymous_5)
DA:3,6
DA:4,6
DA:5,6
DA:20,14
DA:29,14
DA:31,14
DA:40,3
DA:49,2
DA:58,4
DA:59,4
DA:60,4
DA:63,4
DA:64,2
DA:65,2
DA:66,2
DA:70,4
DA:71,1
DA:72,1
DA:73,1
DA:77,4
DA:78,1
DA:82,4
DA:85,4
DA:95,4
DA:106,4
DA:117,4
DA:119,4
DA:121,2
DA:136,5
DA:139,4
DA:141,4
DA:149,4
DA:150,4
DA:152,4
DA:154,2
DA:163,4
DA:169,4
DA:171,4
DA:175,6
LF:39
LH:39
BRDA:63,0,0,2
BRDA:63,0,1,2
BRDA:70,1,0,1
BRDA:70,1,1,3
BRDA:77,2,0,1
BRDA:77,2,1,3
BRDA:119,3,0,2
BRDA:119,3,1,2
BRDA:152,4,0,2
BRDA:152,4,1,2
BRDA:171,5,0,2
BRDA:171,5,1,2
BRF:12
BRH:12
end_of_record
TN:
SF:models/user.js
FN:24,(anonymous_0)
FN:59,(anonymous_1)
FN:103,(anonymous_2)
FN:125,(anonymous_3)
FN:146,(anonymous_4)
FN:168,(anonymous_5)
FN:202,(anonymous_6)
FN:220,(anonymous_7)
FNF:8
FNH:8
FNDA:7,(anonymous_0)
FNDA:19,(anonymous_1)
FNDA:3,(anonymous_2)
FNDA:4,(anonymous_3)
FNDA:1,(anonymous_4)
FNDA:7,(anonymous_5)
FNDA:4,(anonymous_6)
FNDA:3,(anonymous_7)
DA:3,6
DA:4,6
DA:5,6
DA:10,6
DA:12,6
DA:26,7
DA:38,7
DA:40,7
DA:42,4
DA:43,4
DA:44,3
DA:45,3
DA:49,4
DA:67,19
DA:74,19
DA:75,1
DA:78,18
DA:80,18
DA:93,18
DA:95,18
DA:104,3
DA:114,2
DA:126,4
DA:137,4
DA:139,4
DA:141,2
DA:146,2
DA:148,2
DA:169,7
DA:170,2
DA:176,7
DA:181,6
DA:183,6
DA:191,6
DA:192,6
DA:194,6
DA:196,4
DA:197,4
DA:203,4
DA:210,4
DA:212,4
DA:221,3
DA:225,3
DA:227,3
DA:228,1
DA:231,2
DA:234,2
DA:236,2
DA:237,1
DA:240,1
DA:248,6
LF:51
LH:51
BRDA:40,0,0,4
BRDA:40,0,1,3
BRDA:43,1,0,3
BRDA:43,1,1,1
BRDA:74,2,0,1
BRDA:74,2,1,18
BRDA:139,3,0,2
BRDA:139,3,1,2
BRDA:169,4,0,2
BRDA:169,4,1,5
BRDA:194,5,0,2
BRDA:194,5,1,4
BRDA:212,6,0,2
BRDA:212,6,1,2
BRDA:227,7,0,1
BRDA:227,7,1,2
BRDA:236,8,0,1
BRDA:236,8,1,1
BRF:18
BRH:18
end_of_record
TN:
SF:routes/_testCommon.js
FN:11,commonBeforeAll
FN:87,(anonymous_1)
FN:90,commonBeforeEach
FN:94,commonAfterEach
FN:98,commonAfterAll
FNF:5
FNH:5
FNDA:4,commonBeforeAll
FNDA:12,(anonymous_1)
FNDA:61,commonBeforeEach
FNDA:61,commonAfterEach
FNDA:4,commonAfterAll
DA:3,4
DA:4,4
DA:5,4
DA:6,4
DA:7,4
DA:9,4
DA:13,4
DA:15,4
DA:17,4
DA:19,4
DA:26,4
DA:33,4
DA:41,4
DA:49,4
DA:57,4
DA:66,4
DA:72,4
DA:78,4
DA:85,4
DA:87,12
DA:91,61
DA:95,61
DA:99,4
DA:102,4
DA:103,4
DA:105,4
LF:26
LH:26
BRF:0
BRH:0
end_of_record
TN:
SF:routes/auth.js
FN:22,(anonymous_0)
FN:26,(anonymous_1)
FN:49,(anonymous_2)
FN:53,(anonymous_3)
FNF:4
FNH:4
FNDA:5,(anonymous_0)
FNDA:2,(anonymous_1)
FNDA:3,(anonymous_2)
FNDA:5,(anonymous_3)
DA:5,5
DA:7,5
DA:8,5
DA:9,5
DA:10,5
DA:11,5
DA:12,5
DA:13,5
DA:22,5
DA:23,5
DA:24,5
DA:25,5
DA:26,2
DA:27,2
DA:30,3
DA:31,3
DA:32,1
DA:33,1
DA:35,4
DA:49,5
DA:50,3
DA:51,3
DA:52,3
DA:53,5
DA:54,2
DA:57,1
DA:58,1
DA:59,1
DA:61,2
DA:66,5
LF:30
LH:30
BRDA:25,0,0,2
BRDA:25,0,1,3
BRDA:52,1,0,2
BRDA:52,1,1,1
BRF:4
BRH:4
end_of_record
TN:
SF:routes/companies.js
FN:26,(anonymous_0)
FN:30,(anonymous_1)
FN:52,(anonymous_2)
FN:88,(anonymous_3)
FN:108,(anonymous_4)
FN:112,(anonymous_5)
FN:128,(anonymous_6)
FNF:7
FNH:7
FNDA:3,(anonymous_0)
FNDA:3,(anonymous_1)
FNDA:2,(anonymous_2)
FNDA:3,(anonymous_3)
FNDA:4,(anonymous_4)
FNDA:2,(anonymous_5)
FNDA:2,(anonymous_6)
DA:5,5
DA:6,5
DA:8,5
DA:9,5
DA:10,5
DA:12,5
DA:13,5
DA:15,5
DA:26,5
DA:27,3
DA:28,3
DA:29,3
DA:30,3
DA:31,2
DA:34,1
DA:35,1
DA:37,2
DA:52,5
DA:53,2
DA:55,2
DA:57,2
DA:58,0
DA:59,0
DA:65,2
DA:70,0
DA:72,2
DA:74,1
DA:76,1
DA:88,5
DA:89,3
DA:90,3
DA:91,2
DA:93,1
DA:108,5
DA:109,4
DA:110,4
DA:111,4
DA:112,2
DA:113,2
DA:116,2
DA:117,1
DA:119,3
DA:128,5
DA:129,2
DA:130,2
DA:131,1
DA:133,1
DA:137,5
LF:48
LH:45
BRDA:29,0,0,2
BRDA:29,0,1,1
BRDA:58,1,0,0
BRDA:58,1,1,0
BRDA:65,2,0,0
BRDA:65,2,1,2
BRDA:66,3,0,2
BRDA:66,3,1,2
BRDA:66,3,2,2
BRDA:111,4,0,2
BRDA:111,4,1,2
BRF:11
BRH:8
end_of_record
TN:
SF:routes/jobs.js
FN:27,(anonymous_0)
FN:31,(anonymous_1)
FN:53,(anonymous_2)
FN:84,(anonymous_3)
FN:104,(anonymous_4)
FN:108,(anonymous_5)
FN:124,(anonymous_6)
FNF:7
FNH:7
FNDA:3,(anonymous_0)
FNDA:5,(anonymous_1)
FNDA:2,(anonymous_2)
FNDA:2,(anonymous_3)
FNDA:4,(anonymous_4)
FNDA:2,(anonymous_5)
FNDA:2,(anonymous_6)
DA:5,5
DA:7,5
DA:8,5
DA:9,5
DA:10,5
DA:12,5
DA:13,5
DA:15,5
DA:27,5
DA:28,3
DA:29,3
DA:30,3
DA:31,5
DA:32,2
DA:35,1
DA:36,1
DA:38,2
DA:53,5
DA:54,2
DA:56,2
DA:58,2
DA:59,0
DA:60,0
DA:66,2
DA:67,0
DA:69,2
DA:71,1
DA:73,1
DA:84,5
DA:85,2
DA:86,2
DA:87,1
DA:89,1
DA:104,5
DA:105,4
DA:106,4
DA:107,4
DA:108,2
DA:109,2
DA:112,2
DA:113,1
DA:115,3
DA:124,5
DA:125,2
DA:126,2
DA:127,1
DA:129,1
DA:133,5
LF:48
LH:45
BRDA:30,0,0,2
BRDA:30,0,1,1
BRDA:59,1,0,0
BRDA:59,1,1,0
BRDA:66,2,0,0
BRDA:66,2,1,2
BRDA:66,3,0,2
BRDA:66,3,1,2
BRDA:66,3,2,2
BRDA:107,4,0,2
BRDA:107,4,1,2
BRF:11
BRH:8
end_of_record
TN:
SF:routes/users.js
FN:33,(anonymous_0)
FN:37,(anonymous_1)
FN:56,(anonymous_2)
FN:75,(anonymous_3)
FN:98,(anonymous_4)
FN:102,(anonymous_5)
FN:122,(anonymous_6)
FN:139,(anonymous_7)
FNF:8
FNH:7
FNDA:4,(anonymous_0)
FNDA:5,(anonymous_1)
FNDA:2,(anonymous_2)
FNDA:2,(anonymous_3)
FNDA:4,(anonymous_4)
FNDA:1,(anonymous_5)
FNDA:2,(anonymous_6)
FNDA:0,(anonymous_7)
DA:5,5
DA:7,5
DA:12,5
DA:13,5
DA:14,5
DA:15,5
DA:16,5
DA:17,5
DA:19,5
DA:33,5
DA:34,4
DA:35,4
DA:36,4
DA:37,5
DA:38,2
DA:41,2
DA:42,2
DA:43,2
DA:45,2
DA:56,5
DA:57,2
DA:58,2
DA:59,1
DA:61,1
DA:72,5
DA:76,2
DA:77,2
DA:78,1
DA:80,1
DA:95,5
DA:99,4
DA:100,4
DA:101,4
DA:102,1
DA:103,1
DA:106,3
DA:107,2
DA:109,2
DA:119,5
DA:123,2
DA:124,2
DA:125,1
DA:127,1
DA:139,5
DA:140,0
DA:141,0
DA:142,0
DA:143,0
DA:145,0
DA:149,5
LF:50
LH:45
BRDA:36,0,0,2
BRDA:36,0,1,2
BRDA:101,1,0,1
BRDA:101,1,1,3
BRF:4
BRH:4
end_of_record
